=> Start building model
=> Python: 3.7.2 (default, Jan 17 2019, 22:10:14) 
[GCC 6.3.0 20170516]
=> Pytorch: 1.0.1.post2
=> Numpy: 1.16.2
=> CPUs: 48
=> GPUs: 1
=> CUDA: 10.0.130
=> CUDNN: 7402
=> Arguments: Namespace(a_1=0.0, a_2=1.0, batch_size=2048, cifar_type='cifar10', epochs=30, learning_rate=0.001, line_search=None, max_samples_per_gpu=512, momentum=0.9, net='resnet20', num_classes=10, optimizer='sgd_ls', print_freq=50, progress_batches=5, save_model=True, store_progress=False, tol_grad=1e-05, weight_decay=0.0001)
=> Dataset:  cifar10
=> Model: resnet20
=> Optimizer: sgd
Files already downloaded and verified
Optimizer parameters:  {'lr': 0.001, 'momentum': 0.9, 'dampening': 0, 'weight_decay': 0.0001, 'nesterov': False, 'line_search': None, 'tolerance_grad': 1e-05, 'tolerance_change': 1e-09, 'a_1': 0.0, 'a_2': 1.0}
Epoch: [0][0/25]_, Loss: 2.3413_ Accuracy: 10.30_ Learning rate: 0.00100
Epoch: [0][5/25]_, Loss: 2.3348_ Accuracy: 11.72_ Learning rate: 0.00100
Epoch: [0][11/25]_, Loss: 2.3023_ Accuracy: 13.09_ Learning rate: 0.00100
Epoch: [0][17/25]_, Loss: 2.3003_ Accuracy: 14.79_ Learning rate: 0.00100
Epoch: [0][23/25]_, Loss: 2.2746_ Accuracy: 15.38_ Learning rate: 0.00100
Test accuracy: 14.58_
Epoch: [1][0/25]_, Loss: 2.2719_ Accuracy: 13.72_ Learning rate: 0.00100
Epoch: [1][5/25]_, Loss: 2.2728_ Accuracy: 13.62_ Learning rate: 0.00100
Epoch: [1][11/25]_, Loss: 2.2460_ Accuracy: 15.09_ Learning rate: 0.00100
Epoch: [1][17/25]_, Loss: 2.2363_ Accuracy: 14.31_ Learning rate: 0.00100
Epoch: [1][23/25]_, Loss: 2.2133_ Accuracy: 16.11_ Learning rate: 0.00100
Test accuracy: 16.63_
Epoch: [2][0/25]_, Loss: 2.2078_ Accuracy: 16.70_ Learning rate: 0.00100
Epoch: [2][5/25]_, Loss: 2.1853_ Accuracy: 19.04_ Learning rate: 0.00100
Epoch: [2][11/25]_, Loss: 2.1575_ Accuracy: 19.68_ Learning rate: 0.00100
Epoch: [2][17/25]_, Loss: 2.1457_ Accuracy: 21.00_ Learning rate: 0.00100
Epoch: [2][23/25]_, Loss: 2.1339_ Accuracy: 19.38_ Learning rate: 0.00100
Test accuracy: 20.69_
Epoch: [3][0/25]_, Loss: 2.1243_ Accuracy: 21.88_ Learning rate: 0.00100
Epoch: [3][5/25]_, Loss: 2.1299_ Accuracy: 19.53_ Learning rate: 0.00100
Epoch: [3][11/25]_, Loss: 2.1062_ Accuracy: 22.51_ Learning rate: 0.00100
Epoch: [3][17/25]_, Loss: 2.0834_ Accuracy: 23.29_ Learning rate: 0.00100
Epoch: [3][23/25]_, Loss: 2.0658_ Accuracy: 24.80_ Learning rate: 0.00100
Test accuracy: 23.38_
Epoch: [4][0/25]_, Loss: 2.0730_ Accuracy: 22.80_ Learning rate: 0.00100
Epoch: [4][5/25]_, Loss: 2.0743_ Accuracy: 23.29_ Learning rate: 0.00100
Epoch: [4][11/25]_, Loss: 2.0585_ Accuracy: 22.46_ Learning rate: 0.00100
Epoch: [4][17/25]_, Loss: 2.0261_ Accuracy: 26.03_ Learning rate: 0.00100
Epoch: [4][23/25]_, Loss: 1.9909_ Accuracy: 26.37_ Learning rate: 0.00100
Test accuracy: 27.11_
Epoch: [5][0/25]_, Loss: 2.0004_ Accuracy: 25.98_ Learning rate: 0.00100
Epoch: [5][5/25]_, Loss: 1.9957_ Accuracy: 25.54_ Learning rate: 0.00100
Epoch: [5][11/25]_, Loss: 1.9697_ Accuracy: 27.73_ Learning rate: 0.00100
Epoch: [5][17/25]_, Loss: 1.9745_ Accuracy: 27.69_ Learning rate: 0.00100
Epoch: [5][23/25]_, Loss: 1.9588_ Accuracy: 27.64_ Learning rate: 0.00100
Test accuracy: 29.42_
Epoch: [6][0/25]_, Loss: 1.9519_ Accuracy: 27.15_ Learning rate: 0.00100
Epoch: [6][5/25]_, Loss: 1.9361_ Accuracy: 28.37_ Learning rate: 0.00100
Epoch: [6][11/25]_, Loss: 1.9119_ Accuracy: 27.83_ Learning rate: 0.00100
Epoch: [6][17/25]_, Loss: 1.9196_ Accuracy: 28.96_ Learning rate: 0.00100
Epoch: [6][23/25]_, Loss: 1.8799_ Accuracy: 29.44_ Learning rate: 0.00100
Test accuracy: 30.34_
Epoch: [7][0/25]_, Loss: 1.8978_ Accuracy: 29.98_ Learning rate: 0.00100
Epoch: [7][5/25]_, Loss: 1.9057_ Accuracy: 29.15_ Learning rate: 0.00100
Epoch: [7][11/25]_, Loss: 1.8839_ Accuracy: 29.83_ Learning rate: 0.00100
Epoch: [7][17/25]_, Loss: 1.8669_ Accuracy: 30.22_ Learning rate: 0.00100
Epoch: [7][23/25]_, Loss: 1.8881_ Accuracy: 30.08_ Learning rate: 0.00100
Test accuracy: 31.1_
Epoch: [8][0/25]_, Loss: 1.8418_ Accuracy: 30.76_ Learning rate: 0.00100
Epoch: [8][5/25]_, Loss: 1.8643_ Accuracy: 29.20_ Learning rate: 0.00100
Epoch: [8][11/25]_, Loss: 1.8390_ Accuracy: 30.57_ Learning rate: 0.00100
Epoch: [8][17/25]_, Loss: 1.8337_ Accuracy: 30.37_ Learning rate: 0.00100
Epoch: [8][23/25]_, Loss: 1.8367_ Accuracy: 29.64_ Learning rate: 0.00100
Test accuracy: 32.36_
Epoch: [9][0/25]_, Loss: 1.8269_ Accuracy: 33.15_ Learning rate: 0.00100
Epoch: [9][5/25]_, Loss: 1.8290_ Accuracy: 31.15_ Learning rate: 0.00100
Epoch: [9][11/25]_, Loss: 1.7947_ Accuracy: 30.91_ Learning rate: 0.00100
Epoch: [9][17/25]_, Loss: 1.7952_ Accuracy: 32.96_ Learning rate: 0.00100
Epoch: [9][23/25]_, Loss: 1.7928_ Accuracy: 33.54_ Learning rate: 0.00100
Test accuracy: 33.13_
Epoch: [10][0/25]_, Loss: 1.8159_ Accuracy: 32.13_ Learning rate: 0.00100
Epoch: [10][5/25]_, Loss: 1.7926_ Accuracy: 31.05_ Learning rate: 0.00100
Epoch: [10][11/25]_, Loss: 1.7871_ Accuracy: 32.96_ Learning rate: 0.00100
Epoch: [10][17/25]_, Loss: 1.7574_ Accuracy: 33.45_ Learning rate: 0.00100
Epoch: [10][23/25]_, Loss: 1.7622_ Accuracy: 33.11_ Learning rate: 0.00100
Test accuracy: 34.0_
Epoch: [11][0/25]_, Loss: 1.7624_ Accuracy: 34.18_ Learning rate: 0.00100
Epoch: [11][5/25]_, Loss: 1.7614_ Accuracy: 34.28_ Learning rate: 0.00100
Epoch: [11][11/25]_, Loss: 1.7859_ Accuracy: 32.91_ Learning rate: 0.00100
Epoch: [11][17/25]_, Loss: 1.7546_ Accuracy: 32.32_ Learning rate: 0.00100
Epoch: [11][23/25]_, Loss: 1.7540_ Accuracy: 33.11_ Learning rate: 0.00100
Test accuracy: 35.23_
Epoch: [12][0/25]_, Loss: 1.7662_ Accuracy: 31.69_ Learning rate: 0.00100
Epoch: [12][5/25]_, Loss: 1.7576_ Accuracy: 34.38_ Learning rate: 0.00100
Epoch: [12][11/25]_, Loss: 1.7354_ Accuracy: 34.13_ Learning rate: 0.00100
Epoch: [12][17/25]_, Loss: 1.7309_ Accuracy: 35.60_ Learning rate: 0.00100
Epoch: [12][23/25]_, Loss: 1.7351_ Accuracy: 35.16_ Learning rate: 0.00100
Test accuracy: 35.67_
Epoch: [13][0/25]_, Loss: 1.7349_ Accuracy: 35.11_ Learning rate: 0.00100
Epoch: [13][5/25]_, Loss: 1.7292_ Accuracy: 35.40_ Learning rate: 0.00100
Epoch: [13][11/25]_, Loss: 1.7291_ Accuracy: 35.11_ Learning rate: 0.00100
Epoch: [13][17/25]_, Loss: 1.7223_ Accuracy: 34.13_ Learning rate: 0.00100
Epoch: [13][23/25]_, Loss: 1.6813_ Accuracy: 37.50_ Learning rate: 0.00100
Test accuracy: 36.5_
Epoch: [14][0/25]_, Loss: 1.7170_ Accuracy: 35.25_ Learning rate: 0.00100
Epoch: [14][5/25]_, Loss: 1.7107_ Accuracy: 33.69_ Learning rate: 0.00100
Epoch: [14][11/25]_, Loss: 1.7382_ Accuracy: 33.69_ Learning rate: 0.00100
Epoch: [14][17/25]_, Loss: 1.6975_ Accuracy: 35.60_ Learning rate: 0.00100
Epoch: [14][23/25]_, Loss: 1.6922_ Accuracy: 35.35_ Learning rate: 0.00100
Test accuracy: 37.13_
Epoch: [15][0/25]_, Loss: 1.6834_ Accuracy: 36.38_ Learning rate: 0.00100
Epoch: [15][5/25]_, Loss: 1.6736_ Accuracy: 37.50_ Learning rate: 0.00100
Epoch: [15][11/25]_, Loss: 1.6719_ Accuracy: 37.11_ Learning rate: 0.00100
Epoch: [15][17/25]_, Loss: 1.6793_ Accuracy: 36.13_ Learning rate: 0.00100
Epoch: [15][23/25]_, Loss: 1.6687_ Accuracy: 35.79_ Learning rate: 0.00100
Test accuracy: 37.5_
Epoch: [16][0/25]_, Loss: 1.6799_ Accuracy: 37.79_ Learning rate: 0.00100
Epoch: [16][5/25]_, Loss: 1.6863_ Accuracy: 34.96_ Learning rate: 0.00100
Epoch: [16][11/25]_, Loss: 1.6682_ Accuracy: 37.01_ Learning rate: 0.00100
Epoch: [16][17/25]_, Loss: 1.6451_ Accuracy: 37.89_ Learning rate: 0.00100
Epoch: [16][23/25]_, Loss: 1.6780_ Accuracy: 36.96_ Learning rate: 0.00100
Test accuracy: 38.42_
Epoch: [17][0/25]_, Loss: 1.6359_ Accuracy: 37.89_ Learning rate: 0.00100
Epoch: [17][5/25]_, Loss: 1.6449_ Accuracy: 37.79_ Learning rate: 0.00100
Epoch: [17][11/25]_, Loss: 1.6419_ Accuracy: 36.38_ Learning rate: 0.00100
Epoch: [17][17/25]_, Loss: 1.6537_ Accuracy: 37.06_ Learning rate: 0.00100
Epoch: [17][23/25]_, Loss: 1.6246_ Accuracy: 39.16_ Learning rate: 0.00100
Test accuracy: 39.28_
Epoch: [18][0/25]_, Loss: 1.6332_ Accuracy: 38.67_ Learning rate: 0.00100
Epoch: [18][5/25]_, Loss: 1.6318_ Accuracy: 37.65_ Learning rate: 0.00100
Epoch: [18][11/25]_, Loss: 1.6443_ Accuracy: 38.82_ Learning rate: 0.00100
Epoch: [18][17/25]_, Loss: 1.6292_ Accuracy: 39.26_ Learning rate: 0.00100
Epoch: [18][23/25]_, Loss: 1.6217_ Accuracy: 37.35_ Learning rate: 0.00100
Test accuracy: 39.78_
Epoch: [19][0/25]_, Loss: 1.6188_ Accuracy: 38.28_ Learning rate: 0.00100
Epoch: [19][5/25]_, Loss: 1.6276_ Accuracy: 39.06_ Learning rate: 0.00100
Epoch: [19][11/25]_, Loss: 1.6161_ Accuracy: 39.60_ Learning rate: 0.00100
Epoch: [19][17/25]_, Loss: 1.6049_ Accuracy: 40.04_ Learning rate: 0.00100
Epoch: [19][23/25]_, Loss: 1.6229_ Accuracy: 38.87_ Learning rate: 0.00100
Test accuracy: 38.98_
Epoch: [20][0/25]_, Loss: 1.6169_ Accuracy: 39.36_ Learning rate: 0.00100
Epoch: [20][5/25]_, Loss: 1.5907_ Accuracy: 41.16_ Learning rate: 0.00100
Epoch: [20][11/25]_, Loss: 1.5866_ Accuracy: 40.28_ Learning rate: 0.00100
Epoch: [20][17/25]_, Loss: 1.6183_ Accuracy: 37.94_ Learning rate: 0.00100
Epoch: [20][23/25]_, Loss: 1.5751_ Accuracy: 42.09_ Learning rate: 0.00100
Test accuracy: 40.69_
Epoch: [21][0/25]_, Loss: 1.6336_ Accuracy: 39.70_ Learning rate: 0.00100
Epoch: [21][5/25]_, Loss: 1.5803_ Accuracy: 41.26_ Learning rate: 0.00100
Epoch: [21][11/25]_, Loss: 1.5505_ Accuracy: 40.72_ Learning rate: 0.00100
Epoch: [21][17/25]_, Loss: 1.5763_ Accuracy: 39.99_ Learning rate: 0.00100
Epoch: [21][23/25]_, Loss: 1.5628_ Accuracy: 42.68_ Learning rate: 0.00100
Test accuracy: 40.65_
Epoch: [22][0/25]_, Loss: 1.5635_ Accuracy: 41.65_ Learning rate: 0.00100
Epoch: [22][5/25]_, Loss: 1.5686_ Accuracy: 41.36_ Learning rate: 0.00100
Epoch: [22][11/25]_, Loss: 1.5525_ Accuracy: 42.29_ Learning rate: 0.00100
Epoch: [22][17/25]_, Loss: 1.5766_ Accuracy: 41.89_ Learning rate: 0.00100
Epoch: [22][23/25]_, Loss: 1.5823_ Accuracy: 39.50_ Learning rate: 0.00100
Test accuracy: 41.83_
Epoch: [23][0/25]_, Loss: 1.5603_ Accuracy: 40.38_ Learning rate: 0.00100
Epoch: [23][5/25]_, Loss: 1.5477_ Accuracy: 42.77_ Learning rate: 0.00100
Epoch: [23][11/25]_, Loss: 1.5334_ Accuracy: 43.26_ Learning rate: 0.00100
Epoch: [23][17/25]_, Loss: 1.5528_ Accuracy: 43.36_ Learning rate: 0.00100
Epoch: [23][23/25]_, Loss: 1.5360_ Accuracy: 42.82_ Learning rate: 0.00100
Test accuracy: 42.73_
Epoch: [24][0/25]_, Loss: 1.5453_ Accuracy: 42.24_ Learning rate: 0.00100
Epoch: [24][5/25]_, Loss: 1.5333_ Accuracy: 43.65_ Learning rate: 0.00100
Epoch: [24][11/25]_, Loss: 1.5325_ Accuracy: 41.21_ Learning rate: 0.00100
Epoch: [24][17/25]_, Loss: 1.5434_ Accuracy: 42.97_ Learning rate: 0.00100
Epoch: [24][23/25]_, Loss: 1.5358_ Accuracy: 42.09_ Learning rate: 0.00100
Test accuracy: 43.18_
Epoch: [25][0/25]_, Loss: 1.5160_ Accuracy: 44.34_ Learning rate: 0.00100
Epoch: [25][5/25]_, Loss: 1.5121_ Accuracy: 42.19_ Learning rate: 0.00100
Epoch: [25][11/25]_, Loss: 1.5223_ Accuracy: 42.92_ Learning rate: 0.00100
Epoch: [25][17/25]_, Loss: 1.5137_ Accuracy: 42.97_ Learning rate: 0.00100
Epoch: [25][23/25]_, Loss: 1.5418_ Accuracy: 43.07_ Learning rate: 0.00100
Test accuracy: 44.06_
Epoch: [26][0/25]_, Loss: 1.5188_ Accuracy: 42.68_ Learning rate: 0.00100
Epoch: [26][5/25]_, Loss: 1.5130_ Accuracy: 42.48_ Learning rate: 0.00100
Epoch: [26][11/25]_, Loss: 1.5212_ Accuracy: 41.70_ Learning rate: 0.00100
Epoch: [26][17/25]_, Loss: 1.4895_ Accuracy: 43.46_ Learning rate: 0.00100
Epoch: [26][23/25]_, Loss: 1.5046_ Accuracy: 43.26_ Learning rate: 0.00100
Test accuracy: 44.4_
Epoch: [27][0/25]_, Loss: 1.4989_ Accuracy: 44.68_ Learning rate: 0.00100
Epoch: [27][5/25]_, Loss: 1.4987_ Accuracy: 44.09_ Learning rate: 0.00100
Epoch: [27][11/25]_, Loss: 1.5154_ Accuracy: 44.14_ Learning rate: 0.00100
Epoch: [27][17/25]_, Loss: 1.4779_ Accuracy: 44.82_ Learning rate: 0.00100
Epoch: [27][23/25]_, Loss: 1.4826_ Accuracy: 45.51_ Learning rate: 0.00100
Test accuracy: 44.99_
Epoch: [28][0/25]_, Loss: 1.4900_ Accuracy: 45.02_ Learning rate: 0.00100
Epoch: [28][5/25]_, Loss: 1.4726_ Accuracy: 45.70_ Learning rate: 0.00100
Epoch: [28][11/25]_, Loss: 1.4905_ Accuracy: 44.58_ Learning rate: 0.00100
Epoch: [28][17/25]_, Loss: 1.4853_ Accuracy: 43.95_ Learning rate: 0.00100
Epoch: [28][23/25]_, Loss: 1.4500_ Accuracy: 46.73_ Learning rate: 0.00100
Test accuracy: 46.11_
Epoch: [29][0/25]_, Loss: 1.4273_ Accuracy: 45.90_ Learning rate: 0.00100
Epoch: [29][5/25]_, Loss: 1.4538_ Accuracy: 45.02_ Learning rate: 0.00100
Epoch: [29][11/25]_, Loss: 1.4656_ Accuracy: 46.53_ Learning rate: 0.00100
Epoch: [29][17/25]_, Loss: 1.5020_ Accuracy: 43.70_ Learning rate: 0.00100
Epoch: [29][23/25]_, Loss: 1.4787_ Accuracy: 43.60_ Learning rate: 0.00100
Test accuracy: 46.61_
