=> Start building model
=> Python: 3.7.2 (default, Jan 17 2019, 22:10:14) 
[GCC 6.3.0 20170516]
=> Pytorch: 1.0.1.post2
=> Numpy: 1.16.2
=> CPUs: 48
=> GPUs: 1
=> CUDA: 10.0.130
=> CUDNN: 7402
=> Arguments: Namespace(a_1=0.0, a_2=0.001, batch_size=2048, epochs=30, learning_rate=0.1, line_search='goldstein', max_samples_per_gpu=512, momentum=0.9, optimizer='lbfgs_ls', print_freq=50, progress_batches=5, save_model=True, store_progress=False, tol_grad=1e-05, weight_decay=0.0001)
=> Dataset: mnist
=> Model: linear regression
=> Optimizer: lbfgs_gs
Optimizer parameters:  {'lr': 0.1, 'max_iter': 10, 'max_eval': 12, 'tolerance_grad': 1e-05, 'tolerance_change': 1e-09, 'history_size': 100, 'line_search_fn': 'goldstein', 'a_1': 0.0, 'a_2': 0.001}
Epoch: [0][0/30]_, Loss: 2.3141_ Accuracy: 14.11_ Learning rate: 0.00050
Epoch: [0][6/30]_, Loss: 2.1706_ Accuracy: 36.96_ Learning rate: 0.00050
Epoch: [0][13/30]_, Loss: 1.9009_ Accuracy: 75.83_ Learning rate: 0.00050
Epoch: [0][20/30]_, Loss: 1.7137_ Accuracy: 83.94_ Learning rate: 0.00050
Epoch: [0][27/30]_, Loss: 1.0146_ Accuracy: 87.94_ Learning rate: 0.00050
Test accuracy: 89.61_
Epoch: [1][0/30]_, Loss: 0.6783_ Accuracy: 88.57_ Learning rate: 0.00050
Epoch: [1][6/30]_, Loss: 0.7022_ Accuracy: 88.33_ Learning rate: 0.00050
Epoch: [1][13/30]_, Loss: 0.6205_ Accuracy: 91.06_ Learning rate: 0.00075
Epoch: [1][20/30]_, Loss: 0.6108_ Accuracy: 90.19_ Learning rate: 0.00050
Epoch: [1][27/30]_, Loss: 0.5984_ Accuracy: 89.55_ Learning rate: 0.00050
Test accuracy: 90.16_
Epoch: [2][0/30]_, Loss: 0.5975_ Accuracy: 89.55_ Learning rate: 0.00075
Epoch: [2][6/30]_, Loss: 0.5546_ Accuracy: 90.38_ Learning rate: 0.00050
Epoch: [2][13/30]_, Loss: 0.5318_ Accuracy: 90.23_ Learning rate: 0.00050
Epoch: [2][20/30]_, Loss: 0.5191_ Accuracy: 90.28_ Learning rate: 0.00050
Epoch: [2][27/30]_, Loss: 0.5001_ Accuracy: 90.62_ Learning rate: 0.00050
Test accuracy: 90.9_
Epoch: [3][0/30]_, Loss: 0.4855_ Accuracy: 91.16_ Learning rate: 0.00075
Epoch: [3][6/30]_, Loss: 0.4580_ Accuracy: 91.70_ Learning rate: 0.00050
Epoch: [3][13/30]_, Loss: 0.4532_ Accuracy: 91.31_ Learning rate: 0.00050
Epoch: [3][20/30]_, Loss: 0.4504_ Accuracy: 90.97_ Learning rate: 0.00050
Epoch: [3][27/30]_, Loss: 0.4333_ Accuracy: 91.99_ Learning rate: 0.00075
Test accuracy: 91.34_
Epoch: [4][0/30]_, Loss: 0.4486_ Accuracy: 90.58_ Learning rate: 0.00075
Epoch: [4][6/30]_, Loss: 0.4397_ Accuracy: 91.26_ Learning rate: 0.00050
Epoch: [4][13/30]_, Loss: 0.4330_ Accuracy: 91.16_ Learning rate: 0.00050
Epoch: [4][20/30]_, Loss: 0.4056_ Accuracy: 92.19_ Learning rate: 0.00050
Epoch: [4][27/30]_, Loss: 0.3954_ Accuracy: 92.19_ Learning rate: 0.00050
Test accuracy: 91.52_
Epoch: [5][0/30]_, Loss: 0.4175_ Accuracy: 91.70_ Learning rate: 0.00050
Epoch: [5][6/30]_, Loss: 0.3958_ Accuracy: 91.89_ Learning rate: 0.00075
Epoch: [5][13/30]_, Loss: 0.3795_ Accuracy: 91.94_ Learning rate: 0.00050
Epoch: [5][20/30]_, Loss: 0.3810_ Accuracy: 91.46_ Learning rate: 0.00050
Epoch: [5][27/30]_, Loss: 0.3644_ Accuracy: 92.97_ Learning rate: 0.00050
Test accuracy: 91.62_
Epoch: [6][0/30]_, Loss: 0.3935_ Accuracy: 90.62_ Learning rate: 0.00050
Epoch: [6][6/30]_, Loss: 0.3721_ Accuracy: 91.55_ Learning rate: 0.00075
Epoch: [6][13/30]_, Loss: 0.3600_ Accuracy: 91.94_ Learning rate: 0.00050
Epoch: [6][20/30]_, Loss: 0.3428_ Accuracy: 92.77_ Learning rate: 0.00050
Epoch: [6][27/30]_, Loss: 0.3556_ Accuracy: 91.85_ Learning rate: 0.00075
Test accuracy: 91.89_
Epoch: [7][0/30]_, Loss: 0.3336_ Accuracy: 93.02_ Learning rate: 0.00050
Epoch: [7][6/30]_, Loss: 0.3300_ Accuracy: 93.07_ Learning rate: 0.00050
Epoch: [7][13/30]_, Loss: 0.3306_ Accuracy: 92.53_ Learning rate: 0.00050
Epoch: [7][20/30]_, Loss: 0.3264_ Accuracy: 92.92_ Learning rate: 0.00050
Epoch: [7][27/30]_, Loss: 0.3461_ Accuracy: 91.50_ Learning rate: 0.00088
Test accuracy: 92.02_
Epoch: [8][0/30]_, Loss: 0.3220_ Accuracy: 92.58_ Learning rate: 0.00050
Epoch: [8][6/30]_, Loss: 0.3110_ Accuracy: 92.72_ Learning rate: 0.00050
Epoch: [8][13/30]_, Loss: 0.3345_ Accuracy: 91.11_ Learning rate: 0.00075
Epoch: [8][20/30]_, Loss: 0.3144_ Accuracy: 92.72_ Learning rate: 0.00075
Epoch: [8][27/30]_, Loss: 0.2940_ Accuracy: 93.36_ Learning rate: 0.00088
Test accuracy: 92.02_
Epoch: [9][0/30]_, Loss: 0.3178_ Accuracy: 92.29_ Learning rate: 0.00050
Epoch: [9][6/30]_, Loss: 0.3151_ Accuracy: 92.53_ Learning rate: 0.00075
Epoch: [9][13/30]_, Loss: 0.2910_ Accuracy: 92.97_ Learning rate: 0.00094
Epoch: [9][20/30]_, Loss: 0.3103_ Accuracy: 92.04_ Learning rate: 0.00075
Epoch: [9][27/30]_, Loss: 0.2776_ Accuracy: 93.60_ Learning rate: 0.00050
Test accuracy: 92.06_
Epoch: [10][0/30]_, Loss: 0.2681_ Accuracy: 94.14_ Learning rate: 0.00088
Epoch: [10][6/30]_, Loss: 0.2743_ Accuracy: 92.97_ Learning rate: 0.00088
Epoch: [10][13/30]_, Loss: 0.3059_ Accuracy: 92.53_ Learning rate: 0.00075
Epoch: [10][20/30]_, Loss: 0.2526_ Accuracy: 93.36_ Learning rate: 0.00075
Epoch: [10][27/30]_, Loss: 0.2665_ Accuracy: 93.36_ Learning rate: 0.00050
Test accuracy: 92.2_
Epoch: [11][0/30]_, Loss: 0.2859_ Accuracy: 92.97_ Learning rate: 0.00075
Epoch: [11][6/30]_, Loss: 0.2497_ Accuracy: 94.14_ Learning rate: 0.00050
Epoch: [11][13/30]_, Loss: 0.2760_ Accuracy: 93.21_ Learning rate: 0.00050
Epoch: [11][20/30]_, Loss: 0.2823_ Accuracy: 92.43_ Learning rate: 0.00050
Epoch: [11][27/30]_, Loss: 0.2760_ Accuracy: 93.07_ Learning rate: 0.00075
Test accuracy: 92.27_
Epoch: [12][0/30]_, Loss: 0.2790_ Accuracy: 92.77_ Learning rate: 0.00050
Epoch: [12][6/30]_, Loss: 0.2785_ Accuracy: 92.09_ Learning rate: 0.00050
Epoch: [12][13/30]_, Loss: 0.2718_ Accuracy: 93.16_ Learning rate: 0.00050
Epoch: [12][20/30]_, Loss: 0.2726_ Accuracy: 92.43_ Learning rate: 0.00075
Epoch: [12][27/30]_, Loss: 0.2721_ Accuracy: 93.31_ Learning rate: 0.00050
Test accuracy: 92.36_
Epoch: [13][0/30]_, Loss: 0.2923_ Accuracy: 92.04_ Learning rate: 0.00050
Epoch: [13][6/30]_, Loss: 0.2485_ Accuracy: 93.51_ Learning rate: 0.00094
Epoch: [13][13/30]_, Loss: 0.2614_ Accuracy: 93.12_ Learning rate: 0.00050
Epoch: [13][20/30]_, Loss: 0.2756_ Accuracy: 93.16_ Learning rate: 0.00050
Epoch: [13][27/30]_, Loss: 0.2654_ Accuracy: 93.16_ Learning rate: 0.00094
Test accuracy: 92.42_
Epoch: [14][0/30]_, Loss: 0.2331_ Accuracy: 94.63_ Learning rate: 0.00050
Epoch: [14][6/30]_, Loss: 0.2657_ Accuracy: 92.58_ Learning rate: 0.00075
Epoch: [14][13/30]_, Loss: 0.2552_ Accuracy: 93.70_ Learning rate: 0.00050
Epoch: [14][20/30]_, Loss: 0.2387_ Accuracy: 94.14_ Learning rate: 0.00050
Epoch: [14][27/30]_, Loss: 0.2577_ Accuracy: 93.85_ Learning rate: 0.00088
Test accuracy: 92.44_
Epoch: [15][0/30]_, Loss: 0.2619_ Accuracy: 93.26_ Learning rate: 0.00075
Epoch: [15][6/30]_, Loss: 0.2475_ Accuracy: 93.85_ Learning rate: 0.00075
Epoch: [15][13/30]_, Loss: 0.2523_ Accuracy: 92.63_ Learning rate: 0.00050
Epoch: [15][20/30]_, Loss: 0.2180_ Accuracy: 94.43_ Learning rate: 0.00088
Epoch: [15][27/30]_, Loss: 0.2617_ Accuracy: 93.07_ Learning rate: 0.00050
Test accuracy: 92.44_
Epoch: [16][0/30]_, Loss: 0.2255_ Accuracy: 94.24_ Learning rate: 0.00088
Epoch: [16][6/30]_, Loss: 0.2388_ Accuracy: 92.77_ Learning rate: 0.00088
Epoch: [16][13/30]_, Loss: 0.2225_ Accuracy: 93.95_ Learning rate: 0.00050
Epoch: [16][20/30]_, Loss: 0.2327_ Accuracy: 93.85_ Learning rate: 0.00050
Epoch: [16][27/30]_, Loss: 0.2400_ Accuracy: 93.95_ Learning rate: 0.00075
Test accuracy: 92.47_
Epoch: [17][0/30]_, Loss: 0.2210_ Accuracy: 94.63_ Learning rate: 0.00050
Epoch: [17][6/30]_, Loss: 0.2391_ Accuracy: 93.80_ Learning rate: 0.00050
Epoch: [17][13/30]_, Loss: 0.2331_ Accuracy: 93.51_ Learning rate: 0.00094
Epoch: [17][20/30]_, Loss: 0.2960_ Accuracy: 92.53_ Learning rate: 0.00088
Epoch: [17][27/30]_, Loss: 0.2570_ Accuracy: 92.38_ Learning rate: 0.00075
Test accuracy: 92.57_
Epoch: [18][0/30]_, Loss: 0.1977_ Accuracy: 94.53_ Learning rate: 0.00050
Epoch: [18][6/30]_, Loss: 0.2093_ Accuracy: 93.95_ Learning rate: 0.00088
Epoch: [18][13/30]_, Loss: 0.2210_ Accuracy: 94.04_ Learning rate: 0.00088
Epoch: [18][20/30]_, Loss: 0.2047_ Accuracy: 94.82_ Learning rate: 0.00050
Epoch: [18][27/30]_, Loss: 0.2270_ Accuracy: 93.02_ Learning rate: 0.00088
Test accuracy: 92.56_
Epoch: [19][0/30]_, Loss: 0.2452_ Accuracy: 93.75_ Learning rate: 0.00075
Epoch: [19][6/30]_, Loss: 0.2247_ Accuracy: 93.75_ Learning rate: 0.00050
Epoch: [19][13/30]_, Loss: 0.2292_ Accuracy: 93.90_ Learning rate: 0.00050
Epoch: [19][20/30]_, Loss: 0.2088_ Accuracy: 93.99_ Learning rate: 0.00075
Epoch: [19][27/30]_, Loss: 0.2130_ Accuracy: 93.80_ Learning rate: 0.00050
Test accuracy: 92.53_
Epoch: [20][0/30]_, Loss: 0.2262_ Accuracy: 95.07_ Learning rate: 0.00050
Epoch: [20][6/30]_, Loss: 0.2367_ Accuracy: 93.75_ Learning rate: 0.00094
Epoch: [20][13/30]_, Loss: 0.2102_ Accuracy: 93.51_ Learning rate: 0.00050
Epoch: [20][20/30]_, Loss: 0.2404_ Accuracy: 93.46_ Learning rate: 0.00075
Epoch: [20][27/30]_, Loss: 0.2371_ Accuracy: 93.41_ Learning rate: 0.00075
Test accuracy: 92.51_
Epoch: [21][0/30]_, Loss: 0.2189_ Accuracy: 93.75_ Learning rate: 0.00050
Epoch: [21][6/30]_, Loss: 0.2366_ Accuracy: 93.26_ Learning rate: 0.00050
Epoch: [21][13/30]_, Loss: 0.2128_ Accuracy: 93.99_ Learning rate: 0.00050
Epoch: [21][20/30]_, Loss: 0.1828_ Accuracy: 94.78_ Learning rate: 0.00088
Epoch: [21][27/30]_, Loss: 0.2284_ Accuracy: 93.51_ Learning rate: 0.00094
Test accuracy: 92.5_
Epoch: [22][0/30]_, Loss: 0.2114_ Accuracy: 93.70_ Learning rate: 0.00050
Epoch: [22][6/30]_, Loss: 0.2446_ Accuracy: 93.02_ Learning rate: 0.00075
Epoch: [22][13/30]_, Loss: 0.2124_ Accuracy: 93.60_ Learning rate: 0.00050
Epoch: [22][20/30]_, Loss: 0.1951_ Accuracy: 94.58_ Learning rate: 0.00075
Epoch: [22][27/30]_, Loss: 0.2291_ Accuracy: 93.36_ Learning rate: 0.00075
Test accuracy: 92.48_
Epoch: [23][0/30]_, Loss: 0.2282_ Accuracy: 93.70_ Learning rate: 0.00075
Epoch: [23][6/30]_, Loss: 0.2179_ Accuracy: 93.36_ Learning rate: 0.00050
Epoch: [23][13/30]_, Loss: 0.2209_ Accuracy: 93.80_ Learning rate: 0.00050
Epoch: [23][20/30]_, Loss: 0.2385_ Accuracy: 92.97_ Learning rate: 0.00050
Epoch: [23][27/30]_, Loss: 0.2215_ Accuracy: 93.12_ Learning rate: 0.00099
Test accuracy: 92.52_
Epoch: [24][0/30]_, Loss: 0.1855_ Accuracy: 94.68_ Learning rate: 0.00097
Epoch: [24][6/30]_, Loss: 0.2353_ Accuracy: 93.80_ Learning rate: 0.00050
Epoch: [24][13/30]_, Loss: 0.2069_ Accuracy: 93.85_ Learning rate: 0.00075
Epoch: [24][20/30]_, Loss: 0.2131_ Accuracy: 93.60_ Learning rate: 0.00088
Epoch: [24][27/30]_, Loss: 0.2322_ Accuracy: 93.41_ Learning rate: 0.00075
Test accuracy: 92.51_
Epoch: [25][0/30]_, Loss: 0.2052_ Accuracy: 94.29_ Learning rate: 0.00100
Epoch: [25][6/30]_, Loss: 0.2154_ Accuracy: 93.95_ Learning rate: 0.00075
Epoch: [25][13/30]_, Loss: 0.2216_ Accuracy: 93.75_ Learning rate: 0.00075
Epoch: [25][20/30]_, Loss: 0.2667_ Accuracy: 93.07_ Learning rate: 0.00075
Epoch: [25][27/30]_, Loss: 0.2191_ Accuracy: 94.14_ Learning rate: 0.00075
Test accuracy: 92.53_
Epoch: [26][0/30]_, Loss: 0.2360_ Accuracy: 94.09_ Learning rate: 0.00050
Epoch: [26][6/30]_, Loss: 0.1922_ Accuracy: 94.19_ Learning rate: 0.00097
Epoch: [26][13/30]_, Loss: 0.2637_ Accuracy: 92.33_ Learning rate: 0.00088
Epoch: [26][20/30]_, Loss: 0.2022_ Accuracy: 94.19_ Learning rate: 0.00094
Epoch: [26][27/30]_, Loss: 0.2064_ Accuracy: 94.53_ Learning rate: 0.00050
Test accuracy: 92.48_
Epoch: [27][0/30]_, Loss: 0.2534_ Accuracy: 93.21_ Learning rate: 0.00075
Epoch: [27][6/30]_, Loss: 0.2376_ Accuracy: 93.46_ Learning rate: 0.00075
Epoch: [27][13/30]_, Loss: 0.2258_ Accuracy: 93.60_ Learning rate: 0.00075
Epoch: [27][20/30]_, Loss: 0.2250_ Accuracy: 93.36_ Learning rate: 0.00050
Epoch: [27][27/30]_, Loss: 0.1967_ Accuracy: 94.43_ Learning rate: 0.00050
Test accuracy: 92.56_
Epoch: [28][0/30]_, Loss: 0.2254_ Accuracy: 93.99_ Learning rate: 0.00050
Epoch: [28][6/30]_, Loss: 0.1987_ Accuracy: 94.09_ Learning rate: 0.00050
Epoch: [28][13/30]_, Loss: 0.2515_ Accuracy: 93.60_ Learning rate: 0.00050
Epoch: [28][20/30]_, Loss: 0.2098_ Accuracy: 94.04_ Learning rate: 0.00075
Epoch: [28][27/30]_, Loss: 0.2017_ Accuracy: 94.09_ Learning rate: 0.00075
Test accuracy: 92.51_
Epoch: [29][0/30]_, Loss: 0.1909_ Accuracy: 94.78_ Learning rate: 0.00094
Epoch: [29][6/30]_, Loss: 0.2168_ Accuracy: 93.85_ Learning rate: 0.00050
Epoch: [29][13/30]_, Loss: 0.2139_ Accuracy: 94.48_ Learning rate: 0.00088
Epoch: [29][20/30]_, Loss: 0.1938_ Accuracy: 94.58_ Learning rate: 0.00075
Epoch: [29][27/30]_, Loss: 0.2029_ Accuracy: 94.14_ Learning rate: 0.00088
Test accuracy: 92.48_
