=> Start building model
=> Python: 3.7.2 (default, Jan 17 2019, 22:10:14) 
[GCC 6.3.0 20170516]
=> Pytorch: 1.0.1.post2
=> Numpy: 1.16.2
=> CPUs: 48
=> GPUs: 1
=> CUDA: 10.0.130
=> CUDNN: 7402
=> Arguments: Namespace(a_1=0.0, a_2=1.0, batch_size=256, cifar_type='cifar10', epochs=200, learning_rate=0.1, line_search=None, max_samples_per_gpu=256, momentum=0.9, net='resnet20', num_classes=10, optimizer='sgd', print_freq=50, progress_batches=5, save_model=True, store_progress=False, tol_grad=1e-05, weight_decay=0.0001)
=> Dataset:  cifar10
=> Model: resnet20
=> Optimizer: sgd
Files already downloaded and verified
Optimizer parameters:  {'lr': 0.1, 'momentum': 0.9, 'dampening': 0, 'weight_decay': 0.0001, 'nesterov': False}
Epoch: [0][0/196]_, Loss: 2.3863_ Accuracy: 12.89_ Learning rate: 0.10000
Epoch: [0][48/196]_, Loss: 1.7643_ Accuracy: 34.38_ Learning rate: 0.10000
Epoch: [0][97/196]_, Loss: 1.6778_ Accuracy: 37.89_ Learning rate: 0.10000
Epoch: [0][146/196]_, Loss: 1.3794_ Accuracy: 47.27_ Learning rate: 0.10000
Epoch: [0][195/196]_, Loss: 1.3624_ Accuracy: 55.00_ Learning rate: 0.10000
Test accuracy: 47.12_
Epoch: [1][0/196]_, Loss: 1.4421_ Accuracy: 47.27_ Learning rate: 0.10000
Epoch: [1][48/196]_, Loss: 1.3406_ Accuracy: 50.00_ Learning rate: 0.10000
Epoch: [1][97/196]_, Loss: 1.2726_ Accuracy: 57.42_ Learning rate: 0.10000
Epoch: [1][146/196]_, Loss: 1.1335_ Accuracy: 60.16_ Learning rate: 0.10000
Epoch: [1][195/196]_, Loss: 1.0790_ Accuracy: 61.25_ Learning rate: 0.10000
Test accuracy: 57.43_
Epoch: [2][0/196]_, Loss: 1.0311_ Accuracy: 64.06_ Learning rate: 0.10000
Epoch: [2][48/196]_, Loss: 1.0144_ Accuracy: 65.62_ Learning rate: 0.10000
Epoch: [2][97/196]_, Loss: 0.8663_ Accuracy: 73.05_ Learning rate: 0.10000
Epoch: [2][146/196]_, Loss: 0.8441_ Accuracy: 71.48_ Learning rate: 0.10000
Epoch: [2][195/196]_, Loss: 1.2280_ Accuracy: 73.75_ Learning rate: 0.10000
Test accuracy: 65.04_
Epoch: [3][0/196]_, Loss: 0.8850_ Accuracy: 70.31_ Learning rate: 0.10000
Epoch: [3][48/196]_, Loss: 0.7862_ Accuracy: 75.39_ Learning rate: 0.10000
Epoch: [3][97/196]_, Loss: 0.7968_ Accuracy: 72.27_ Learning rate: 0.10000
Epoch: [3][146/196]_, Loss: 0.7705_ Accuracy: 75.39_ Learning rate: 0.10000
Epoch: [3][195/196]_, Loss: 0.9280_ Accuracy: 73.75_ Learning rate: 0.10000
Test accuracy: 71.23_
Epoch: [4][0/196]_, Loss: 0.7073_ Accuracy: 78.52_ Learning rate: 0.10000
Epoch: [4][48/196]_, Loss: 0.7139_ Accuracy: 78.91_ Learning rate: 0.10000
Epoch: [4][97/196]_, Loss: 0.7189_ Accuracy: 77.34_ Learning rate: 0.10000
Epoch: [4][146/196]_, Loss: 0.6427_ Accuracy: 78.91_ Learning rate: 0.10000
Epoch: [4][195/196]_, Loss: 0.5928_ Accuracy: 88.75_ Learning rate: 0.10000
Test accuracy: 69.71_
Epoch: [5][0/196]_, Loss: 0.6485_ Accuracy: 81.64_ Learning rate: 0.10000
Epoch: [5][48/196]_, Loss: 0.6983_ Accuracy: 78.52_ Learning rate: 0.10000
Epoch: [5][97/196]_, Loss: 0.6317_ Accuracy: 81.64_ Learning rate: 0.10000
Epoch: [5][146/196]_, Loss: 0.6903_ Accuracy: 77.73_ Learning rate: 0.10000
Epoch: [5][195/196]_, Loss: 0.6198_ Accuracy: 82.50_ Learning rate: 0.10000
Test accuracy: 69.8_
Epoch: [6][0/196]_, Loss: 0.6224_ Accuracy: 79.69_ Learning rate: 0.10000
Epoch: [6][48/196]_, Loss: 0.6912_ Accuracy: 80.47_ Learning rate: 0.10000
Epoch: [6][97/196]_, Loss: 0.6246_ Accuracy: 78.91_ Learning rate: 0.10000
Epoch: [6][146/196]_, Loss: 0.6851_ Accuracy: 78.91_ Learning rate: 0.10000
Epoch: [6][195/196]_, Loss: 0.5047_ Accuracy: 87.50_ Learning rate: 0.10000
Test accuracy: 76.47_
Epoch: [7][0/196]_, Loss: 0.4439_ Accuracy: 86.72_ Learning rate: 0.10000
Epoch: [7][48/196]_, Loss: 0.6999_ Accuracy: 79.69_ Learning rate: 0.10000
Epoch: [7][97/196]_, Loss: 0.5863_ Accuracy: 81.64_ Learning rate: 0.10000
Epoch: [7][146/196]_, Loss: 0.5586_ Accuracy: 82.42_ Learning rate: 0.10000
Epoch: [7][195/196]_, Loss: 0.5103_ Accuracy: 90.00_ Learning rate: 0.10000
Test accuracy: 79.19_
Epoch: [8][0/196]_, Loss: 0.4870_ Accuracy: 85.55_ Learning rate: 0.10000
Epoch: [8][48/196]_, Loss: 0.5092_ Accuracy: 87.50_ Learning rate: 0.10000
Epoch: [8][97/196]_, Loss: 0.4615_ Accuracy: 84.38_ Learning rate: 0.10000
Epoch: [8][146/196]_, Loss: 0.5403_ Accuracy: 84.38_ Learning rate: 0.10000
Epoch: [8][195/196]_, Loss: 0.5698_ Accuracy: 88.75_ Learning rate: 0.10000
Test accuracy: 79.16_
Epoch: [9][0/196]_, Loss: 0.4067_ Accuracy: 87.89_ Learning rate: 0.10000
Epoch: [9][48/196]_, Loss: 0.5427_ Accuracy: 81.25_ Learning rate: 0.10000
Epoch: [9][97/196]_, Loss: 0.4901_ Accuracy: 85.16_ Learning rate: 0.10000
Epoch: [9][146/196]_, Loss: 0.4797_ Accuracy: 87.11_ Learning rate: 0.10000
Epoch: [9][195/196]_, Loss: 0.6657_ Accuracy: 87.50_ Learning rate: 0.10000
Test accuracy: 79.72_
Epoch: [10][0/196]_, Loss: 0.4124_ Accuracy: 87.89_ Learning rate: 0.10000
Epoch: [10][48/196]_, Loss: 0.3879_ Accuracy: 89.06_ Learning rate: 0.10000
Epoch: [10][97/196]_, Loss: 0.5153_ Accuracy: 83.98_ Learning rate: 0.10000
Epoch: [10][146/196]_, Loss: 0.3997_ Accuracy: 89.06_ Learning rate: 0.10000
Epoch: [10][195/196]_, Loss: 0.3178_ Accuracy: 92.50_ Learning rate: 0.10000
Test accuracy: 80.7_
Epoch: [11][0/196]_, Loss: 0.3781_ Accuracy: 88.28_ Learning rate: 0.10000
Epoch: [11][48/196]_, Loss: 0.4536_ Accuracy: 87.50_ Learning rate: 0.10000
Epoch: [11][97/196]_, Loss: 0.4024_ Accuracy: 89.06_ Learning rate: 0.10000
Epoch: [11][146/196]_, Loss: 0.5085_ Accuracy: 85.94_ Learning rate: 0.10000
Epoch: [11][195/196]_, Loss: 0.4967_ Accuracy: 90.00_ Learning rate: 0.10000
Test accuracy: 82.72_
Epoch: [12][0/196]_, Loss: 0.4137_ Accuracy: 88.67_ Learning rate: 0.10000
Epoch: [12][48/196]_, Loss: 0.4329_ Accuracy: 86.33_ Learning rate: 0.10000
Epoch: [12][97/196]_, Loss: 0.4056_ Accuracy: 87.89_ Learning rate: 0.10000
Epoch: [12][146/196]_, Loss: 0.5486_ Accuracy: 85.16_ Learning rate: 0.10000
Epoch: [12][195/196]_, Loss: 0.3265_ Accuracy: 96.25_ Learning rate: 0.10000
Test accuracy: 82.32_
Epoch: [13][0/196]_, Loss: 0.4832_ Accuracy: 86.72_ Learning rate: 0.10000
Epoch: [13][48/196]_, Loss: 0.4119_ Accuracy: 87.11_ Learning rate: 0.10000
Epoch: [13][97/196]_, Loss: 0.3500_ Accuracy: 89.06_ Learning rate: 0.10000
Epoch: [13][146/196]_, Loss: 0.3479_ Accuracy: 90.62_ Learning rate: 0.10000
Epoch: [13][195/196]_, Loss: 0.2844_ Accuracy: 96.25_ Learning rate: 0.10000
Test accuracy: 83.03_
Epoch: [14][0/196]_, Loss: 0.3286_ Accuracy: 91.80_ Learning rate: 0.10000
Epoch: [14][48/196]_, Loss: 0.3930_ Accuracy: 88.67_ Learning rate: 0.10000
Epoch: [14][97/196]_, Loss: 0.4062_ Accuracy: 89.45_ Learning rate: 0.10000
Epoch: [14][146/196]_, Loss: 0.3925_ Accuracy: 87.50_ Learning rate: 0.10000
Epoch: [14][195/196]_, Loss: 0.3300_ Accuracy: 91.25_ Learning rate: 0.10000
Test accuracy: 81.79_
Epoch: [15][0/196]_, Loss: 0.4472_ Accuracy: 85.94_ Learning rate: 0.10000
Epoch: [15][48/196]_, Loss: 0.3335_ Accuracy: 91.02_ Learning rate: 0.10000
Epoch: [15][97/196]_, Loss: 0.3483_ Accuracy: 92.58_ Learning rate: 0.10000
Epoch: [15][146/196]_, Loss: 0.5199_ Accuracy: 83.98_ Learning rate: 0.10000
Epoch: [15][195/196]_, Loss: 0.5831_ Accuracy: 91.25_ Learning rate: 0.10000
Test accuracy: 83.1_
Epoch: [16][0/196]_, Loss: 0.4245_ Accuracy: 84.38_ Learning rate: 0.10000
Epoch: [16][48/196]_, Loss: 0.2828_ Accuracy: 91.80_ Learning rate: 0.10000
Epoch: [16][97/196]_, Loss: 0.3458_ Accuracy: 91.02_ Learning rate: 0.10000
Epoch: [16][146/196]_, Loss: 0.2854_ Accuracy: 92.58_ Learning rate: 0.10000
Epoch: [16][195/196]_, Loss: 0.3755_ Accuracy: 95.00_ Learning rate: 0.10000
Test accuracy: 83.47_
Epoch: [17][0/196]_, Loss: 0.4134_ Accuracy: 88.67_ Learning rate: 0.10000
Epoch: [17][48/196]_, Loss: 0.3388_ Accuracy: 91.80_ Learning rate: 0.10000
Epoch: [17][97/196]_, Loss: 0.3289_ Accuracy: 90.62_ Learning rate: 0.10000
Epoch: [17][146/196]_, Loss: 0.3016_ Accuracy: 90.62_ Learning rate: 0.10000
Epoch: [17][195/196]_, Loss: 0.2725_ Accuracy: 95.00_ Learning rate: 0.10000
Test accuracy: 84.73_
Epoch: [18][0/196]_, Loss: 0.3662_ Accuracy: 90.23_ Learning rate: 0.10000
Epoch: [18][48/196]_, Loss: 0.3400_ Accuracy: 91.02_ Learning rate: 0.10000
Epoch: [18][97/196]_, Loss: 0.3875_ Accuracy: 87.89_ Learning rate: 0.10000
Epoch: [18][146/196]_, Loss: 0.3417_ Accuracy: 90.23_ Learning rate: 0.10000
Epoch: [18][195/196]_, Loss: 0.3142_ Accuracy: 96.25_ Learning rate: 0.10000
Test accuracy: 82.83_
Epoch: [19][0/196]_, Loss: 0.3067_ Accuracy: 91.80_ Learning rate: 0.10000
Epoch: [19][48/196]_, Loss: 0.2957_ Accuracy: 92.58_ Learning rate: 0.10000
Epoch: [19][97/196]_, Loss: 0.3942_ Accuracy: 91.02_ Learning rate: 0.10000
Epoch: [19][146/196]_, Loss: 0.2712_ Accuracy: 93.36_ Learning rate: 0.10000
Epoch: [19][195/196]_, Loss: 0.3774_ Accuracy: 96.25_ Learning rate: 0.10000
Test accuracy: 84.22_
Epoch: [20][0/196]_, Loss: 0.3564_ Accuracy: 89.06_ Learning rate: 0.10000
Epoch: [20][48/196]_, Loss: 0.3247_ Accuracy: 91.41_ Learning rate: 0.10000
Epoch: [20][97/196]_, Loss: 0.3049_ Accuracy: 91.41_ Learning rate: 0.10000
Epoch: [20][146/196]_, Loss: 0.3467_ Accuracy: 88.67_ Learning rate: 0.10000
Epoch: [20][195/196]_, Loss: 0.2187_ Accuracy: 97.50_ Learning rate: 0.10000
Test accuracy: 85.01_
Epoch: [21][0/196]_, Loss: 0.3137_ Accuracy: 91.80_ Learning rate: 0.10000
Epoch: [21][48/196]_, Loss: 0.3840_ Accuracy: 89.06_ Learning rate: 0.10000
Epoch: [21][97/196]_, Loss: 0.3017_ Accuracy: 89.84_ Learning rate: 0.10000
Epoch: [21][146/196]_, Loss: 0.3524_ Accuracy: 91.41_ Learning rate: 0.10000
Epoch: [21][195/196]_, Loss: 0.3203_ Accuracy: 96.25_ Learning rate: 0.10000
Test accuracy: 84.97_
Epoch: [22][0/196]_, Loss: 0.2820_ Accuracy: 93.36_ Learning rate: 0.10000
Epoch: [22][48/196]_, Loss: 0.2692_ Accuracy: 92.58_ Learning rate: 0.10000
Epoch: [22][97/196]_, Loss: 0.3208_ Accuracy: 89.84_ Learning rate: 0.10000
Epoch: [22][146/196]_, Loss: 0.2797_ Accuracy: 92.19_ Learning rate: 0.10000
Epoch: [22][195/196]_, Loss: 0.4558_ Accuracy: 92.50_ Learning rate: 0.10000
Test accuracy: 84.99_
Epoch: [23][0/196]_, Loss: 0.2613_ Accuracy: 93.36_ Learning rate: 0.10000
Epoch: [23][48/196]_, Loss: 0.3274_ Accuracy: 91.02_ Learning rate: 0.10000
Epoch: [23][97/196]_, Loss: 0.2680_ Accuracy: 92.97_ Learning rate: 0.10000
Epoch: [23][146/196]_, Loss: 0.3146_ Accuracy: 89.84_ Learning rate: 0.10000
Epoch: [23][195/196]_, Loss: 0.1607_ Accuracy: 98.75_ Learning rate: 0.10000
Test accuracy: 85.14_
Epoch: [24][0/196]_, Loss: 0.2611_ Accuracy: 95.31_ Learning rate: 0.10000
Epoch: [24][48/196]_, Loss: 0.3266_ Accuracy: 91.41_ Learning rate: 0.10000
Epoch: [24][97/196]_, Loss: 0.3335_ Accuracy: 89.45_ Learning rate: 0.10000
Epoch: [24][146/196]_, Loss: 0.2945_ Accuracy: 91.02_ Learning rate: 0.10000
Epoch: [24][195/196]_, Loss: 0.1986_ Accuracy: 96.25_ Learning rate: 0.10000
Test accuracy: 85.06_
Epoch: [25][0/196]_, Loss: 0.2538_ Accuracy: 92.58_ Learning rate: 0.10000
Epoch: [25][48/196]_, Loss: 0.3162_ Accuracy: 91.80_ Learning rate: 0.10000
Epoch: [25][97/196]_, Loss: 0.2596_ Accuracy: 93.75_ Learning rate: 0.10000
Epoch: [25][146/196]_, Loss: 0.3333_ Accuracy: 92.58_ Learning rate: 0.10000
Epoch: [25][195/196]_, Loss: 0.4827_ Accuracy: 96.25_ Learning rate: 0.10000
Test accuracy: 83.77_
Epoch: [26][0/196]_, Loss: 0.2914_ Accuracy: 93.75_ Learning rate: 0.10000
Epoch: [26][48/196]_, Loss: 0.3419_ Accuracy: 92.19_ Learning rate: 0.10000
Epoch: [26][97/196]_, Loss: 0.2875_ Accuracy: 92.58_ Learning rate: 0.10000
Epoch: [26][146/196]_, Loss: 0.2993_ Accuracy: 91.80_ Learning rate: 0.10000
Epoch: [26][195/196]_, Loss: 0.3909_ Accuracy: 91.25_ Learning rate: 0.10000
Test accuracy: 85.29_
Epoch: [27][0/196]_, Loss: 0.2602_ Accuracy: 91.80_ Learning rate: 0.10000
Epoch: [27][48/196]_, Loss: 0.3432_ Accuracy: 92.19_ Learning rate: 0.10000
Epoch: [27][97/196]_, Loss: 0.2763_ Accuracy: 93.36_ Learning rate: 0.10000
Epoch: [27][146/196]_, Loss: 0.2285_ Accuracy: 92.58_ Learning rate: 0.10000
Epoch: [27][195/196]_, Loss: 0.2941_ Accuracy: 93.75_ Learning rate: 0.10000
Test accuracy: 85.79_
Epoch: [28][0/196]_, Loss: 0.2502_ Accuracy: 92.58_ Learning rate: 0.10000
Epoch: [28][48/196]_, Loss: 0.2424_ Accuracy: 93.75_ Learning rate: 0.10000
Epoch: [28][97/196]_, Loss: 0.2506_ Accuracy: 94.14_ Learning rate: 0.10000
Epoch: [28][146/196]_, Loss: 0.3395_ Accuracy: 89.84_ Learning rate: 0.10000
Epoch: [28][195/196]_, Loss: 0.2495_ Accuracy: 96.25_ Learning rate: 0.10000
Test accuracy: 85.62_
Epoch: [29][0/196]_, Loss: 0.2607_ Accuracy: 92.97_ Learning rate: 0.10000
Epoch: [29][48/196]_, Loss: 0.3003_ Accuracy: 92.58_ Learning rate: 0.10000
Epoch: [29][97/196]_, Loss: 0.2758_ Accuracy: 92.97_ Learning rate: 0.10000
Epoch: [29][146/196]_, Loss: 0.2539_ Accuracy: 91.41_ Learning rate: 0.10000
Epoch: [29][195/196]_, Loss: 0.3013_ Accuracy: 93.75_ Learning rate: 0.10000
Test accuracy: 82.44_
Epoch: [30][0/196]_, Loss: 0.2828_ Accuracy: 92.58_ Learning rate: 0.10000
Epoch: [30][48/196]_, Loss: 0.2542_ Accuracy: 93.75_ Learning rate: 0.10000
Epoch: [30][97/196]_, Loss: 0.3145_ Accuracy: 93.36_ Learning rate: 0.10000
Epoch: [30][146/196]_, Loss: 0.2368_ Accuracy: 92.97_ Learning rate: 0.10000
Epoch: [30][195/196]_, Loss: 0.3817_ Accuracy: 95.00_ Learning rate: 0.10000
Test accuracy: 86.39_
Epoch: [31][0/196]_, Loss: 0.3393_ Accuracy: 91.80_ Learning rate: 0.10000
Epoch: [31][48/196]_, Loss: 0.2986_ Accuracy: 93.75_ Learning rate: 0.10000
Epoch: [31][97/196]_, Loss: 0.3180_ Accuracy: 91.02_ Learning rate: 0.10000
Epoch: [31][146/196]_, Loss: 0.2702_ Accuracy: 93.36_ Learning rate: 0.10000
Epoch: [31][195/196]_, Loss: 0.3204_ Accuracy: 93.75_ Learning rate: 0.10000
Test accuracy: 86.1_
Epoch: [32][0/196]_, Loss: 0.1928_ Accuracy: 95.31_ Learning rate: 0.10000
Epoch: [32][48/196]_, Loss: 0.2513_ Accuracy: 92.97_ Learning rate: 0.10000
Epoch: [32][97/196]_, Loss: 0.2500_ Accuracy: 93.75_ Learning rate: 0.10000
Epoch: [32][146/196]_, Loss: 0.3266_ Accuracy: 92.19_ Learning rate: 0.10000
Epoch: [32][195/196]_, Loss: 0.3748_ Accuracy: 93.75_ Learning rate: 0.10000
Test accuracy: 84.9_
Epoch: [33][0/196]_, Loss: 0.1934_ Accuracy: 95.31_ Learning rate: 0.10000
Epoch: [33][48/196]_, Loss: 0.2324_ Accuracy: 94.14_ Learning rate: 0.10000
Epoch: [33][97/196]_, Loss: 0.3487_ Accuracy: 91.41_ Learning rate: 0.10000
Epoch: [33][146/196]_, Loss: 0.2267_ Accuracy: 93.36_ Learning rate: 0.10000
Epoch: [33][195/196]_, Loss: 0.2117_ Accuracy: 98.75_ Learning rate: 0.10000
Test accuracy: 86.11_
Epoch: [34][0/196]_, Loss: 0.2330_ Accuracy: 94.14_ Learning rate: 0.10000
Epoch: [34][48/196]_, Loss: 0.3093_ Accuracy: 92.97_ Learning rate: 0.10000
Epoch: [34][97/196]_, Loss: 0.2624_ Accuracy: 91.02_ Learning rate: 0.10000
Epoch: [34][146/196]_, Loss: 0.2277_ Accuracy: 94.14_ Learning rate: 0.10000
Epoch: [34][195/196]_, Loss: 0.3935_ Accuracy: 92.50_ Learning rate: 0.10000
Test accuracy: 86.71_
Epoch: [35][0/196]_, Loss: 0.2358_ Accuracy: 93.75_ Learning rate: 0.10000
Epoch: [35][48/196]_, Loss: 0.2652_ Accuracy: 95.31_ Learning rate: 0.10000
Epoch: [35][97/196]_, Loss: 0.1813_ Accuracy: 95.31_ Learning rate: 0.10000
Epoch: [35][146/196]_, Loss: 0.2580_ Accuracy: 91.80_ Learning rate: 0.10000
Epoch: [35][195/196]_, Loss: 0.2632_ Accuracy: 98.75_ Learning rate: 0.10000
Test accuracy: 85.05_
Epoch: [36][0/196]_, Loss: 0.3063_ Accuracy: 92.19_ Learning rate: 0.10000
Epoch: [36][48/196]_, Loss: 0.2082_ Accuracy: 94.92_ Learning rate: 0.10000
Epoch: [36][97/196]_, Loss: 0.2450_ Accuracy: 92.58_ Learning rate: 0.10000
Epoch: [36][146/196]_, Loss: 0.2497_ Accuracy: 93.75_ Learning rate: 0.10000
Epoch: [36][195/196]_, Loss: 0.3971_ Accuracy: 95.00_ Learning rate: 0.10000
Test accuracy: 86.77_
Epoch: [37][0/196]_, Loss: 0.2842_ Accuracy: 91.41_ Learning rate: 0.10000
Epoch: [37][48/196]_, Loss: 0.2824_ Accuracy: 93.36_ Learning rate: 0.10000
Epoch: [37][97/196]_, Loss: 0.2254_ Accuracy: 93.75_ Learning rate: 0.10000
Epoch: [37][146/196]_, Loss: 0.2594_ Accuracy: 91.80_ Learning rate: 0.10000
Epoch: [37][195/196]_, Loss: 0.2585_ Accuracy: 97.50_ Learning rate: 0.10000
Test accuracy: 86.22_
Epoch: [38][0/196]_, Loss: 0.1900_ Accuracy: 96.48_ Learning rate: 0.10000
Epoch: [38][48/196]_, Loss: 0.1596_ Accuracy: 95.31_ Learning rate: 0.10000
Epoch: [38][97/196]_, Loss: 0.3537_ Accuracy: 91.02_ Learning rate: 0.10000
Epoch: [38][146/196]_, Loss: 0.2480_ Accuracy: 93.75_ Learning rate: 0.10000
Epoch: [38][195/196]_, Loss: 0.3658_ Accuracy: 93.75_ Learning rate: 0.10000
Test accuracy: 85.17_
Epoch: [39][0/196]_, Loss: 0.2185_ Accuracy: 94.14_ Learning rate: 0.10000
Epoch: [39][48/196]_, Loss: 0.2222_ Accuracy: 94.14_ Learning rate: 0.10000
Epoch: [39][97/196]_, Loss: 0.1942_ Accuracy: 94.53_ Learning rate: 0.10000
Epoch: [39][146/196]_, Loss: 0.1653_ Accuracy: 96.09_ Learning rate: 0.10000
Epoch: [39][195/196]_, Loss: 0.3273_ Accuracy: 96.25_ Learning rate: 0.10000
Test accuracy: 86.08_
Epoch: [40][0/196]_, Loss: 0.1899_ Accuracy: 95.70_ Learning rate: 0.10000
Epoch: [40][48/196]_, Loss: 0.3099_ Accuracy: 92.19_ Learning rate: 0.10000
Epoch: [40][97/196]_, Loss: 0.2198_ Accuracy: 94.92_ Learning rate: 0.10000
Epoch: [40][146/196]_, Loss: 0.2758_ Accuracy: 94.53_ Learning rate: 0.10000
Epoch: [40][195/196]_, Loss: 0.2007_ Accuracy: 97.50_ Learning rate: 0.10000
Test accuracy: 83.27_
Epoch: [41][0/196]_, Loss: 0.1997_ Accuracy: 94.92_ Learning rate: 0.10000
Epoch: [41][48/196]_, Loss: 0.2545_ Accuracy: 94.53_ Learning rate: 0.10000
Epoch: [41][97/196]_, Loss: 0.2344_ Accuracy: 93.36_ Learning rate: 0.10000
Epoch: [41][146/196]_, Loss: 0.2476_ Accuracy: 95.70_ Learning rate: 0.10000
Epoch: [41][195/196]_, Loss: 0.2369_ Accuracy: 96.25_ Learning rate: 0.10000
Test accuracy: 85.82_
Epoch: [42][0/196]_, Loss: 0.2075_ Accuracy: 95.70_ Learning rate: 0.10000
Epoch: [42][48/196]_, Loss: 0.1616_ Accuracy: 96.88_ Learning rate: 0.10000
Epoch: [42][97/196]_, Loss: 0.2286_ Accuracy: 94.14_ Learning rate: 0.10000
Epoch: [42][146/196]_, Loss: 0.2380_ Accuracy: 94.53_ Learning rate: 0.10000
Epoch: [42][195/196]_, Loss: 0.2110_ Accuracy: 98.75_ Learning rate: 0.10000
Test accuracy: 86.91_
Epoch: [43][0/196]_, Loss: 0.1481_ Accuracy: 96.09_ Learning rate: 0.10000
Epoch: [43][48/196]_, Loss: 0.2366_ Accuracy: 93.75_ Learning rate: 0.10000
Epoch: [43][97/196]_, Loss: 0.2728_ Accuracy: 92.58_ Learning rate: 0.10000
Epoch: [43][146/196]_, Loss: 0.2518_ Accuracy: 93.36_ Learning rate: 0.10000
Epoch: [43][195/196]_, Loss: 0.3225_ Accuracy: 100.00_ Learning rate: 0.10000
Test accuracy: 86.39_
Epoch: [44][0/196]_, Loss: 0.2277_ Accuracy: 94.53_ Learning rate: 0.10000
Epoch: [44][48/196]_, Loss: 0.2419_ Accuracy: 95.70_ Learning rate: 0.10000
Epoch: [44][97/196]_, Loss: 0.2087_ Accuracy: 94.53_ Learning rate: 0.10000
Epoch: [44][146/196]_, Loss: 0.1709_ Accuracy: 95.70_ Learning rate: 0.10000
Epoch: [44][195/196]_, Loss: 0.3515_ Accuracy: 97.50_ Learning rate: 0.10000
Test accuracy: 86.45_
Epoch: [45][0/196]_, Loss: 0.1874_ Accuracy: 96.48_ Learning rate: 0.10000
Epoch: [45][48/196]_, Loss: 0.1522_ Accuracy: 96.48_ Learning rate: 0.10000
Epoch: [45][97/196]_, Loss: 0.2194_ Accuracy: 95.31_ Learning rate: 0.10000
Epoch: [45][146/196]_, Loss: 0.2434_ Accuracy: 92.97_ Learning rate: 0.10000
Epoch: [45][195/196]_, Loss: 0.2696_ Accuracy: 97.50_ Learning rate: 0.10000
Test accuracy: 86.12_
Epoch: [46][0/196]_, Loss: 0.2973_ Accuracy: 93.36_ Learning rate: 0.10000
Epoch: [46][48/196]_, Loss: 0.2154_ Accuracy: 96.48_ Learning rate: 0.10000
Epoch: [46][97/196]_, Loss: 0.2579_ Accuracy: 94.53_ Learning rate: 0.10000
Epoch: [46][146/196]_, Loss: 0.2629_ Accuracy: 93.75_ Learning rate: 0.10000
Epoch: [46][195/196]_, Loss: 0.2336_ Accuracy: 96.25_ Learning rate: 0.10000
Test accuracy: 85.39_
Epoch: [47][0/196]_, Loss: 0.2202_ Accuracy: 93.36_ Learning rate: 0.10000
Epoch: [47][48/196]_, Loss: 0.1565_ Accuracy: 97.27_ Learning rate: 0.10000
Epoch: [47][97/196]_, Loss: 0.2175_ Accuracy: 93.75_ Learning rate: 0.10000
Epoch: [47][146/196]_, Loss: 0.2304_ Accuracy: 94.92_ Learning rate: 0.10000
Epoch: [47][195/196]_, Loss: 0.2206_ Accuracy: 98.75_ Learning rate: 0.10000
Test accuracy: 86.33_
Epoch: [48][0/196]_, Loss: 0.2498_ Accuracy: 94.53_ Learning rate: 0.10000
Epoch: [48][48/196]_, Loss: 0.1730_ Accuracy: 96.88_ Learning rate: 0.10000
Epoch: [48][97/196]_, Loss: 0.2114_ Accuracy: 95.31_ Learning rate: 0.10000
Epoch: [48][146/196]_, Loss: 0.1611_ Accuracy: 94.92_ Learning rate: 0.10000
Epoch: [48][195/196]_, Loss: 0.1095_ Accuracy: 97.50_ Learning rate: 0.10000
Test accuracy: 87.91_
Epoch: [49][0/196]_, Loss: 0.2228_ Accuracy: 94.53_ Learning rate: 0.10000
Epoch: [49][48/196]_, Loss: 0.2042_ Accuracy: 96.09_ Learning rate: 0.10000
Epoch: [49][97/196]_, Loss: 0.2047_ Accuracy: 94.92_ Learning rate: 0.10000
Epoch: [49][146/196]_, Loss: 0.2479_ Accuracy: 95.70_ Learning rate: 0.10000
Epoch: [49][195/196]_, Loss: 0.2068_ Accuracy: 97.50_ Learning rate: 0.10000
Test accuracy: 84.88_
Epoch: [50][0/196]_, Loss: 0.1525_ Accuracy: 94.53_ Learning rate: 0.10000
Epoch: [50][48/196]_, Loss: 0.1917_ Accuracy: 96.09_ Learning rate: 0.10000
Epoch: [50][97/196]_, Loss: 0.2099_ Accuracy: 93.75_ Learning rate: 0.10000
Epoch: [50][146/196]_, Loss: 0.2859_ Accuracy: 92.19_ Learning rate: 0.10000
Epoch: [50][195/196]_, Loss: 0.3899_ Accuracy: 96.25_ Learning rate: 0.10000
Test accuracy: 87.35_
Epoch: [51][0/196]_, Loss: 0.1455_ Accuracy: 97.27_ Learning rate: 0.10000
Epoch: [51][48/196]_, Loss: 0.2356_ Accuracy: 94.14_ Learning rate: 0.10000
Epoch: [51][97/196]_, Loss: 0.2304_ Accuracy: 94.14_ Learning rate: 0.10000
Epoch: [51][146/196]_, Loss: 0.1566_ Accuracy: 97.66_ Learning rate: 0.10000
Epoch: [51][195/196]_, Loss: 0.1983_ Accuracy: 98.75_ Learning rate: 0.10000
Test accuracy: 86.17_
Epoch: [52][0/196]_, Loss: 0.2028_ Accuracy: 96.09_ Learning rate: 0.10000
Epoch: [52][48/196]_, Loss: 0.2140_ Accuracy: 94.92_ Learning rate: 0.10000
Epoch: [52][97/196]_, Loss: 0.1719_ Accuracy: 96.09_ Learning rate: 0.10000
Epoch: [52][146/196]_, Loss: 0.2395_ Accuracy: 93.75_ Learning rate: 0.10000
Epoch: [52][195/196]_, Loss: 0.1555_ Accuracy: 100.00_ Learning rate: 0.10000
Test accuracy: 86.62_
Epoch: [53][0/196]_, Loss: 0.1789_ Accuracy: 97.27_ Learning rate: 0.10000
Epoch: [53][48/196]_, Loss: 0.2242_ Accuracy: 94.53_ Learning rate: 0.10000
Epoch: [53][97/196]_, Loss: 0.2357_ Accuracy: 95.70_ Learning rate: 0.10000
Epoch: [53][146/196]_, Loss: 0.1894_ Accuracy: 94.53_ Learning rate: 0.10000
Epoch: [53][195/196]_, Loss: 0.4302_ Accuracy: 96.25_ Learning rate: 0.10000
Test accuracy: 85.4_
Epoch: [54][0/196]_, Loss: 0.1604_ Accuracy: 96.88_ Learning rate: 0.10000
Epoch: [54][48/196]_, Loss: 0.2614_ Accuracy: 92.19_ Learning rate: 0.10000
Epoch: [54][97/196]_, Loss: 0.2120_ Accuracy: 94.92_ Learning rate: 0.10000
Epoch: [54][146/196]_, Loss: 0.2047_ Accuracy: 95.31_ Learning rate: 0.10000
Epoch: [54][195/196]_, Loss: 0.2480_ Accuracy: 98.75_ Learning rate: 0.10000
Test accuracy: 86.02_
Epoch: [55][0/196]_, Loss: 0.1965_ Accuracy: 94.92_ Learning rate: 0.10000
Epoch: [55][48/196]_, Loss: 0.2367_ Accuracy: 96.88_ Learning rate: 0.10000
Epoch: [55][97/196]_, Loss: 0.2029_ Accuracy: 95.70_ Learning rate: 0.10000
Epoch: [55][146/196]_, Loss: 0.1853_ Accuracy: 96.88_ Learning rate: 0.10000
Epoch: [55][195/196]_, Loss: 0.2754_ Accuracy: 96.25_ Learning rate: 0.10000
Test accuracy: 87.88_
Epoch: [56][0/196]_, Loss: 0.1831_ Accuracy: 96.09_ Learning rate: 0.10000
Epoch: [56][48/196]_, Loss: 0.2001_ Accuracy: 95.31_ Learning rate: 0.10000
Epoch: [56][97/196]_, Loss: 0.1538_ Accuracy: 96.88_ Learning rate: 0.10000
Epoch: [56][146/196]_, Loss: 0.1735_ Accuracy: 94.92_ Learning rate: 0.10000
Epoch: [56][195/196]_, Loss: 0.2606_ Accuracy: 97.50_ Learning rate: 0.10000
Test accuracy: 86.1_
Epoch: [57][0/196]_, Loss: 0.2552_ Accuracy: 94.53_ Learning rate: 0.10000
Epoch: [57][48/196]_, Loss: 0.1896_ Accuracy: 94.92_ Learning rate: 0.10000
Epoch: [57][97/196]_, Loss: 0.1931_ Accuracy: 94.53_ Learning rate: 0.10000
Epoch: [57][146/196]_, Loss: 0.2196_ Accuracy: 94.92_ Learning rate: 0.10000
Epoch: [57][195/196]_, Loss: 0.2319_ Accuracy: 97.50_ Learning rate: 0.10000
Test accuracy: 87.58_
Epoch: [58][0/196]_, Loss: 0.2577_ Accuracy: 94.14_ Learning rate: 0.10000
Epoch: [58][48/196]_, Loss: 0.1628_ Accuracy: 96.88_ Learning rate: 0.10000
Epoch: [58][97/196]_, Loss: 0.2066_ Accuracy: 95.31_ Learning rate: 0.10000
Epoch: [58][146/196]_, Loss: 0.2165_ Accuracy: 95.70_ Learning rate: 0.10000
Epoch: [58][195/196]_, Loss: 0.1535_ Accuracy: 100.00_ Learning rate: 0.10000
Test accuracy: 87.12_
Epoch: [59][0/196]_, Loss: 0.1983_ Accuracy: 96.09_ Learning rate: 0.10000
Epoch: [59][48/196]_, Loss: 0.2332_ Accuracy: 92.58_ Learning rate: 0.10000
Epoch: [59][97/196]_, Loss: 0.2062_ Accuracy: 95.31_ Learning rate: 0.10000
Epoch: [59][146/196]_, Loss: 0.2395_ Accuracy: 93.75_ Learning rate: 0.10000
Epoch: [59][195/196]_, Loss: 0.2844_ Accuracy: 98.75_ Learning rate: 0.10000
Test accuracy: 84.75_
Epoch: [60][0/196]_, Loss: 0.1738_ Accuracy: 96.48_ Learning rate: 0.10000
Epoch: [60][48/196]_, Loss: 0.1597_ Accuracy: 95.70_ Learning rate: 0.10000
Epoch: [60][97/196]_, Loss: 0.1905_ Accuracy: 94.92_ Learning rate: 0.10000
Epoch: [60][146/196]_, Loss: 0.2627_ Accuracy: 94.14_ Learning rate: 0.10000
Epoch: [60][195/196]_, Loss: 0.2183_ Accuracy: 98.75_ Learning rate: 0.10000
Test accuracy: 87.78_
Epoch: [61][0/196]_, Loss: 0.1601_ Accuracy: 95.31_ Learning rate: 0.10000
Epoch: [61][48/196]_, Loss: 0.2225_ Accuracy: 93.75_ Learning rate: 0.10000
Epoch: [61][97/196]_, Loss: 0.2067_ Accuracy: 95.31_ Learning rate: 0.10000
Epoch: [61][146/196]_, Loss: 0.2168_ Accuracy: 95.31_ Learning rate: 0.10000
Epoch: [61][195/196]_, Loss: 0.2230_ Accuracy: 98.75_ Learning rate: 0.10000
Test accuracy: 87.65_
Epoch: [62][0/196]_, Loss: 0.1353_ Accuracy: 98.05_ Learning rate: 0.10000
Epoch: [62][48/196]_, Loss: 0.1855_ Accuracy: 95.70_ Learning rate: 0.10000
Epoch: [62][97/196]_, Loss: 0.2064_ Accuracy: 93.75_ Learning rate: 0.10000
Epoch: [62][146/196]_, Loss: 0.1158_ Accuracy: 97.27_ Learning rate: 0.10000
Epoch: [62][195/196]_, Loss: 0.1129_ Accuracy: 98.75_ Learning rate: 0.10000
Test accuracy: 87.03_
Epoch: [63][0/196]_, Loss: 0.1349_ Accuracy: 97.66_ Learning rate: 0.10000
Epoch: [63][48/196]_, Loss: 0.1490_ Accuracy: 97.66_ Learning rate: 0.10000
Epoch: [63][97/196]_, Loss: 0.1165_ Accuracy: 98.05_ Learning rate: 0.10000
Epoch: [63][146/196]_, Loss: 0.1634_ Accuracy: 98.05_ Learning rate: 0.10000
Epoch: [63][195/196]_, Loss: 0.2060_ Accuracy: 98.75_ Learning rate: 0.10000
Test accuracy: 86.36_
Epoch: [64][0/196]_, Loss: 0.2348_ Accuracy: 93.75_ Learning rate: 0.10000
Epoch: [64][48/196]_, Loss: 0.1166_ Accuracy: 97.66_ Learning rate: 0.10000
Epoch: [64][97/196]_, Loss: 0.1463_ Accuracy: 96.48_ Learning rate: 0.10000
Epoch: [64][146/196]_, Loss: 0.2511_ Accuracy: 94.92_ Learning rate: 0.10000
Epoch: [64][195/196]_, Loss: 0.1660_ Accuracy: 100.00_ Learning rate: 0.10000
Test accuracy: 88.2_
Epoch: [65][0/196]_, Loss: 0.1405_ Accuracy: 96.88_ Learning rate: 0.10000
Epoch: [65][48/196]_, Loss: 0.1944_ Accuracy: 94.14_ Learning rate: 0.10000
Epoch: [65][97/196]_, Loss: 0.1678_ Accuracy: 97.27_ Learning rate: 0.10000
Epoch: [65][146/196]_, Loss: 0.2220_ Accuracy: 94.92_ Learning rate: 0.10000
Epoch: [65][195/196]_, Loss: 0.2524_ Accuracy: 98.75_ Learning rate: 0.10000
Test accuracy: 87.41_
Epoch: [66][0/196]_, Loss: 0.1352_ Accuracy: 97.66_ Learning rate: 0.10000
Epoch: [66][48/196]_, Loss: 0.1736_ Accuracy: 96.48_ Learning rate: 0.10000
Epoch: [66][97/196]_, Loss: 0.2030_ Accuracy: 93.36_ Learning rate: 0.10000
Epoch: [66][146/196]_, Loss: 0.2035_ Accuracy: 96.48_ Learning rate: 0.10000
Epoch: [66][195/196]_, Loss: 0.1270_ Accuracy: 100.00_ Learning rate: 0.10000
Test accuracy: 87.82_
Epoch: [67][0/196]_, Loss: 0.1790_ Accuracy: 97.27_ Learning rate: 0.10000
Epoch: [67][48/196]_, Loss: 0.1430_ Accuracy: 96.48_ Learning rate: 0.10000
Epoch: [67][97/196]_, Loss: 0.1749_ Accuracy: 97.66_ Learning rate: 0.10000
Epoch: [67][146/196]_, Loss: 0.2293_ Accuracy: 94.14_ Learning rate: 0.10000
Epoch: [67][195/196]_, Loss: 0.3263_ Accuracy: 97.50_ Learning rate: 0.10000
Test accuracy: 86.15_
Epoch: [68][0/196]_, Loss: 0.1599_ Accuracy: 96.88_ Learning rate: 0.10000
Epoch: [68][48/196]_, Loss: 0.1769_ Accuracy: 96.48_ Learning rate: 0.10000
Epoch: [68][97/196]_, Loss: 0.1475_ Accuracy: 96.48_ Learning rate: 0.10000
Epoch: [68][146/196]_, Loss: 0.2684_ Accuracy: 93.36_ Learning rate: 0.10000
Epoch: [68][195/196]_, Loss: 0.1761_ Accuracy: 98.75_ Learning rate: 0.10000
Test accuracy: 87.73_
Epoch: [69][0/196]_, Loss: 0.1195_ Accuracy: 97.66_ Learning rate: 0.10000
Epoch: [69][48/196]_, Loss: 0.1211_ Accuracy: 96.09_ Learning rate: 0.10000
Epoch: [69][97/196]_, Loss: 0.1856_ Accuracy: 96.09_ Learning rate: 0.10000
Epoch: [69][146/196]_, Loss: 0.2015_ Accuracy: 95.31_ Learning rate: 0.10000
Epoch: [69][195/196]_, Loss: 0.3616_ Accuracy: 96.25_ Learning rate: 0.10000
Test accuracy: 87.76_
Epoch: [70][0/196]_, Loss: 0.1471_ Accuracy: 97.66_ Learning rate: 0.10000
Epoch: [70][48/196]_, Loss: 0.1927_ Accuracy: 96.88_ Learning rate: 0.10000
Epoch: [70][97/196]_, Loss: 0.1179_ Accuracy: 98.44_ Learning rate: 0.10000
Epoch: [70][146/196]_, Loss: 0.1404_ Accuracy: 97.27_ Learning rate: 0.10000
Epoch: [70][195/196]_, Loss: 0.1548_ Accuracy: 98.75_ Learning rate: 0.10000
Test accuracy: 88.23_
Epoch: [71][0/196]_, Loss: 0.1111_ Accuracy: 97.66_ Learning rate: 0.10000
Epoch: [71][48/196]_, Loss: 0.1318_ Accuracy: 95.70_ Learning rate: 0.10000
Epoch: [71][97/196]_, Loss: 0.1923_ Accuracy: 96.09_ Learning rate: 0.10000
Epoch: [71][146/196]_, Loss: 0.1126_ Accuracy: 98.05_ Learning rate: 0.10000
Epoch: [71][195/196]_, Loss: 0.1569_ Accuracy: 100.00_ Learning rate: 0.10000
Test accuracy: 86.94_
Epoch: [72][0/196]_, Loss: 0.1973_ Accuracy: 96.09_ Learning rate: 0.10000
Epoch: [72][48/196]_, Loss: 0.1714_ Accuracy: 96.09_ Learning rate: 0.10000
Epoch: [72][97/196]_, Loss: 0.1565_ Accuracy: 97.66_ Learning rate: 0.10000
Epoch: [72][146/196]_, Loss: 0.2174_ Accuracy: 96.48_ Learning rate: 0.10000
Epoch: [72][195/196]_, Loss: 0.0650_ Accuracy: 98.75_ Learning rate: 0.10000
Test accuracy: 85.69_
Epoch: [73][0/196]_, Loss: 0.1299_ Accuracy: 96.88_ Learning rate: 0.10000
Epoch: [73][48/196]_, Loss: 0.2581_ Accuracy: 94.14_ Learning rate: 0.10000
Epoch: [73][97/196]_, Loss: 0.1858_ Accuracy: 96.48_ Learning rate: 0.10000
Epoch: [73][146/196]_, Loss: 0.1662_ Accuracy: 96.88_ Learning rate: 0.10000
Epoch: [73][195/196]_, Loss: 0.2302_ Accuracy: 96.25_ Learning rate: 0.10000
Test accuracy: 86.79_
Epoch: [74][0/196]_, Loss: 0.1200_ Accuracy: 98.44_ Learning rate: 0.10000
Epoch: [74][48/196]_, Loss: 0.1474_ Accuracy: 98.05_ Learning rate: 0.10000
Epoch: [74][97/196]_, Loss: 0.1126_ Accuracy: 97.27_ Learning rate: 0.10000
Epoch: [74][146/196]_, Loss: 0.1894_ Accuracy: 95.31_ Learning rate: 0.10000
Epoch: [74][195/196]_, Loss: 0.4117_ Accuracy: 96.25_ Learning rate: 0.10000
Test accuracy: 87.87_
Epoch: [75][0/196]_, Loss: 0.1567_ Accuracy: 96.09_ Learning rate: 0.10000
Epoch: [75][48/196]_, Loss: 0.2150_ Accuracy: 94.92_ Learning rate: 0.10000
Epoch: [75][97/196]_, Loss: 0.1710_ Accuracy: 96.88_ Learning rate: 0.10000
Epoch: [75][146/196]_, Loss: 0.1398_ Accuracy: 97.27_ Learning rate: 0.10000
Epoch: [75][195/196]_, Loss: 0.1419_ Accuracy: 98.75_ Learning rate: 0.10000
Test accuracy: 87.8_
Epoch: [76][0/196]_, Loss: 0.1751_ Accuracy: 97.27_ Learning rate: 0.10000
Epoch: [76][48/196]_, Loss: 0.1456_ Accuracy: 97.66_ Learning rate: 0.10000
Epoch: [76][97/196]_, Loss: 0.1688_ Accuracy: 96.88_ Learning rate: 0.10000
Epoch: [76][146/196]_, Loss: 0.1653_ Accuracy: 96.48_ Learning rate: 0.10000
Epoch: [76][195/196]_, Loss: 0.1991_ Accuracy: 97.50_ Learning rate: 0.10000
Test accuracy: 87.1_
Epoch: [77][0/196]_, Loss: 0.1551_ Accuracy: 95.70_ Learning rate: 0.10000
Epoch: [77][48/196]_, Loss: 0.1673_ Accuracy: 96.09_ Learning rate: 0.10000
Epoch: [77][97/196]_, Loss: 0.1739_ Accuracy: 96.88_ Learning rate: 0.10000
Epoch: [77][146/196]_, Loss: 0.1796_ Accuracy: 95.70_ Learning rate: 0.10000
Epoch: [77][195/196]_, Loss: 0.2664_ Accuracy: 100.00_ Learning rate: 0.10000
Test accuracy: 87.7_
Epoch: [78][0/196]_, Loss: 0.1451_ Accuracy: 97.27_ Learning rate: 0.10000
Epoch: [78][48/196]_, Loss: 0.1397_ Accuracy: 98.05_ Learning rate: 0.10000
Epoch: [78][97/196]_, Loss: 0.2317_ Accuracy: 94.92_ Learning rate: 0.10000
Epoch: [78][146/196]_, Loss: 0.1888_ Accuracy: 96.48_ Learning rate: 0.10000
Epoch: [78][195/196]_, Loss: 0.2534_ Accuracy: 98.75_ Learning rate: 0.10000
Test accuracy: 88.62_
Epoch: [79][0/196]_, Loss: 0.1100_ Accuracy: 98.44_ Learning rate: 0.10000
Epoch: [79][48/196]_, Loss: 0.1661_ Accuracy: 95.31_ Learning rate: 0.10000
Epoch: [79][97/196]_, Loss: 0.1329_ Accuracy: 97.66_ Learning rate: 0.10000
Epoch: [79][146/196]_, Loss: 0.2004_ Accuracy: 95.70_ Learning rate: 0.10000
Epoch: [79][195/196]_, Loss: 0.2960_ Accuracy: 97.50_ Learning rate: 0.10000
Test accuracy: 88.12_
Epoch: [80][0/196]_, Loss: 0.1086_ Accuracy: 97.66_ Learning rate: 0.01000
Epoch: [80][48/196]_, Loss: 0.1239_ Accuracy: 96.88_ Learning rate: 0.01000
Epoch: [80][97/196]_, Loss: 0.0963_ Accuracy: 96.88_ Learning rate: 0.01000
Epoch: [80][146/196]_, Loss: 0.1093_ Accuracy: 95.70_ Learning rate: 0.01000
Epoch: [80][195/196]_, Loss: 0.0969_ Accuracy: 96.25_ Learning rate: 0.01000
Test accuracy: 90.85_
Epoch: [81][0/196]_, Loss: 0.0650_ Accuracy: 98.83_ Learning rate: 0.01000
Epoch: [81][48/196]_, Loss: 0.0787_ Accuracy: 97.66_ Learning rate: 0.01000
Epoch: [81][97/196]_, Loss: 0.0905_ Accuracy: 97.66_ Learning rate: 0.01000
Epoch: [81][146/196]_, Loss: 0.0723_ Accuracy: 98.05_ Learning rate: 0.01000
Epoch: [81][195/196]_, Loss: 0.1014_ Accuracy: 98.75_ Learning rate: 0.01000
Test accuracy: 91.02_
Epoch: [82][0/196]_, Loss: 0.0702_ Accuracy: 97.66_ Learning rate: 0.01000
Epoch: [82][48/196]_, Loss: 0.0581_ Accuracy: 98.05_ Learning rate: 0.01000
Epoch: [82][97/196]_, Loss: 0.0782_ Accuracy: 98.05_ Learning rate: 0.01000
Epoch: [82][146/196]_, Loss: 0.0998_ Accuracy: 96.88_ Learning rate: 0.01000
Epoch: [82][195/196]_, Loss: 0.0334_ Accuracy: 100.00_ Learning rate: 0.01000
Test accuracy: 91.11_
Epoch: [83][0/196]_, Loss: 0.0645_ Accuracy: 97.66_ Learning rate: 0.01000
Epoch: [83][48/196]_, Loss: 0.0503_ Accuracy: 98.05_ Learning rate: 0.01000
Epoch: [83][97/196]_, Loss: 0.1008_ Accuracy: 96.88_ Learning rate: 0.01000
Epoch: [83][146/196]_, Loss: 0.0693_ Accuracy: 98.05_ Learning rate: 0.01000
Epoch: [83][195/196]_, Loss: 0.0898_ Accuracy: 95.00_ Learning rate: 0.01000
Test accuracy: 91.2_
Epoch: [84][0/196]_, Loss: 0.0325_ Accuracy: 98.83_ Learning rate: 0.01000
Epoch: [84][48/196]_, Loss: 0.0677_ Accuracy: 97.66_ Learning rate: 0.01000
Epoch: [84][97/196]_, Loss: 0.0796_ Accuracy: 98.05_ Learning rate: 0.01000
Epoch: [84][146/196]_, Loss: 0.0603_ Accuracy: 97.66_ Learning rate: 0.01000
Epoch: [84][195/196]_, Loss: 0.0723_ Accuracy: 98.75_ Learning rate: 0.01000
Test accuracy: 91.12_
Epoch: [85][0/196]_, Loss: 0.0741_ Accuracy: 96.88_ Learning rate: 0.01000
Epoch: [85][48/196]_, Loss: 0.0267_ Accuracy: 99.61_ Learning rate: 0.01000
Epoch: [85][97/196]_, Loss: 0.0376_ Accuracy: 98.83_ Learning rate: 0.01000
Epoch: [85][146/196]_, Loss: 0.0399_ Accuracy: 99.22_ Learning rate: 0.01000
Epoch: [85][195/196]_, Loss: 0.0874_ Accuracy: 97.50_ Learning rate: 0.01000
Test accuracy: 91.13_
Epoch: [86][0/196]_, Loss: 0.0624_ Accuracy: 97.27_ Learning rate: 0.01000
Epoch: [86][48/196]_, Loss: 0.0652_ Accuracy: 98.83_ Learning rate: 0.01000
Epoch: [86][97/196]_, Loss: 0.0388_ Accuracy: 98.83_ Learning rate: 0.01000
Epoch: [86][146/196]_, Loss: 0.0816_ Accuracy: 96.48_ Learning rate: 0.01000
Epoch: [86][195/196]_, Loss: 0.0317_ Accuracy: 100.00_ Learning rate: 0.01000
Test accuracy: 91.21_
Epoch: [87][0/196]_, Loss: 0.0765_ Accuracy: 97.27_ Learning rate: 0.01000
Epoch: [87][48/196]_, Loss: 0.0381_ Accuracy: 99.22_ Learning rate: 0.01000
Epoch: [87][97/196]_, Loss: 0.0541_ Accuracy: 98.44_ Learning rate: 0.01000
Epoch: [87][146/196]_, Loss: 0.0432_ Accuracy: 98.44_ Learning rate: 0.01000
Epoch: [87][195/196]_, Loss: 0.0403_ Accuracy: 98.75_ Learning rate: 0.01000
Test accuracy: 91.25_
Epoch: [88][0/196]_, Loss: 0.0719_ Accuracy: 96.88_ Learning rate: 0.01000
Epoch: [88][48/196]_, Loss: 0.0481_ Accuracy: 99.22_ Learning rate: 0.01000
Epoch: [88][97/196]_, Loss: 0.0517_ Accuracy: 98.83_ Learning rate: 0.01000
Epoch: [88][146/196]_, Loss: 0.0528_ Accuracy: 98.83_ Learning rate: 0.01000
Epoch: [88][195/196]_, Loss: 0.0728_ Accuracy: 97.50_ Learning rate: 0.01000
Test accuracy: 91.17_
Epoch: [89][0/196]_, Loss: 0.0358_ Accuracy: 100.00_ Learning rate: 0.01000
Epoch: [89][48/196]_, Loss: 0.0693_ Accuracy: 97.27_ Learning rate: 0.01000
Epoch: [89][97/196]_, Loss: 0.0246_ Accuracy: 100.00_ Learning rate: 0.01000
Epoch: [89][146/196]_, Loss: 0.0796_ Accuracy: 97.27_ Learning rate: 0.01000
Epoch: [89][195/196]_, Loss: 0.0467_ Accuracy: 98.75_ Learning rate: 0.01000
Test accuracy: 91.38_
Epoch: [90][0/196]_, Loss: 0.0359_ Accuracy: 99.22_ Learning rate: 0.01000
Epoch: [90][48/196]_, Loss: 0.0282_ Accuracy: 99.61_ Learning rate: 0.01000
Epoch: [90][97/196]_, Loss: 0.0564_ Accuracy: 98.05_ Learning rate: 0.01000
Epoch: [90][146/196]_, Loss: 0.0413_ Accuracy: 99.61_ Learning rate: 0.01000
Epoch: [90][195/196]_, Loss: 0.0513_ Accuracy: 98.75_ Learning rate: 0.01000
Test accuracy: 91.44_
Epoch: [91][0/196]_, Loss: 0.0757_ Accuracy: 97.27_ Learning rate: 0.01000
Epoch: [91][48/196]_, Loss: 0.0573_ Accuracy: 98.44_ Learning rate: 0.01000
Epoch: [91][97/196]_, Loss: 0.0595_ Accuracy: 98.05_ Learning rate: 0.01000
Epoch: [91][146/196]_, Loss: 0.0589_ Accuracy: 98.05_ Learning rate: 0.01000
Epoch: [91][195/196]_, Loss: 0.0390_ Accuracy: 98.75_ Learning rate: 0.01000
Test accuracy: 91.42_
Epoch: [92][0/196]_, Loss: 0.0752_ Accuracy: 97.27_ Learning rate: 0.01000
Epoch: [92][48/196]_, Loss: 0.0544_ Accuracy: 98.83_ Learning rate: 0.01000
Epoch: [92][97/196]_, Loss: 0.0708_ Accuracy: 97.66_ Learning rate: 0.01000
Epoch: [92][146/196]_, Loss: 0.0194_ Accuracy: 99.61_ Learning rate: 0.01000
Epoch: [92][195/196]_, Loss: 0.1093_ Accuracy: 95.00_ Learning rate: 0.01000
Test accuracy: 91.18_
Epoch: [93][0/196]_, Loss: 0.0462_ Accuracy: 98.44_ Learning rate: 0.01000
Epoch: [93][48/196]_, Loss: 0.0526_ Accuracy: 97.66_ Learning rate: 0.01000
Epoch: [93][97/196]_, Loss: 0.0387_ Accuracy: 99.61_ Learning rate: 0.01000
Epoch: [93][146/196]_, Loss: 0.0347_ Accuracy: 99.22_ Learning rate: 0.01000
Epoch: [93][195/196]_, Loss: 0.0711_ Accuracy: 98.75_ Learning rate: 0.01000
Test accuracy: 91.04_
Epoch: [94][0/196]_, Loss: 0.0510_ Accuracy: 98.83_ Learning rate: 0.01000
Epoch: [94][48/196]_, Loss: 0.0572_ Accuracy: 99.22_ Learning rate: 0.01000
Epoch: [94][97/196]_, Loss: 0.0610_ Accuracy: 97.66_ Learning rate: 0.01000
Epoch: [94][146/196]_, Loss: 0.0325_ Accuracy: 99.61_ Learning rate: 0.01000
Epoch: [94][195/196]_, Loss: 0.1181_ Accuracy: 97.50_ Learning rate: 0.01000
Test accuracy: 91.35_
Epoch: [95][0/196]_, Loss: 0.0266_ Accuracy: 100.00_ Learning rate: 0.01000
Epoch: [95][48/196]_, Loss: 0.0502_ Accuracy: 98.44_ Learning rate: 0.01000
Epoch: [95][97/196]_, Loss: 0.0393_ Accuracy: 98.44_ Learning rate: 0.01000
Epoch: [95][146/196]_, Loss: 0.0268_ Accuracy: 99.61_ Learning rate: 0.01000
Epoch: [95][195/196]_, Loss: 0.0755_ Accuracy: 98.75_ Learning rate: 0.01000
Test accuracy: 91.23_
Epoch: [96][0/196]_, Loss: 0.0435_ Accuracy: 98.83_ Learning rate: 0.01000
Epoch: [96][48/196]_, Loss: 0.0567_ Accuracy: 98.44_ Learning rate: 0.01000
Epoch: [96][97/196]_, Loss: 0.0368_ Accuracy: 99.22_ Learning rate: 0.01000
Epoch: [96][146/196]_, Loss: 0.0334_ Accuracy: 99.22_ Learning rate: 0.01000
Epoch: [96][195/196]_, Loss: 0.0609_ Accuracy: 98.75_ Learning rate: 0.01000
Test accuracy: 91.18_
Epoch: [97][0/196]_, Loss: 0.0290_ Accuracy: 99.22_ Learning rate: 0.01000
Epoch: [97][48/196]_, Loss: 0.0414_ Accuracy: 98.44_ Learning rate: 0.01000
Epoch: [97][97/196]_, Loss: 0.0455_ Accuracy: 98.44_ Learning rate: 0.01000
Epoch: [97][146/196]_, Loss: 0.0608_ Accuracy: 98.05_ Learning rate: 0.01000
Epoch: [97][195/196]_, Loss: 0.0560_ Accuracy: 98.75_ Learning rate: 0.01000
Test accuracy: 91.26_
Epoch: [98][0/196]_, Loss: 0.0282_ Accuracy: 99.22_ Learning rate: 0.01000
Epoch: [98][48/196]_, Loss: 0.0297_ Accuracy: 99.61_ Learning rate: 0.01000
Epoch: [98][97/196]_, Loss: 0.0251_ Accuracy: 99.61_ Learning rate: 0.01000
Epoch: [98][146/196]_, Loss: 0.0934_ Accuracy: 98.05_ Learning rate: 0.01000
Epoch: [98][195/196]_, Loss: 0.0269_ Accuracy: 100.00_ Learning rate: 0.01000
Test accuracy: 91.33_
Epoch: [99][0/196]_, Loss: 0.0349_ Accuracy: 99.22_ Learning rate: 0.01000
Epoch: [99][48/196]_, Loss: 0.0584_ Accuracy: 98.83_ Learning rate: 0.01000
Epoch: [99][97/196]_, Loss: 0.0280_ Accuracy: 99.61_ Learning rate: 0.01000
Epoch: [99][146/196]_, Loss: 0.0489_ Accuracy: 98.05_ Learning rate: 0.01000
Epoch: [99][195/196]_, Loss: 0.0786_ Accuracy: 98.75_ Learning rate: 0.01000
Test accuracy: 91.19_
Epoch: [100][0/196]_, Loss: 0.0380_ Accuracy: 99.22_ Learning rate: 0.01000
Epoch: [100][48/196]_, Loss: 0.0412_ Accuracy: 98.44_ Learning rate: 0.01000
Epoch: [100][97/196]_, Loss: 0.0490_ Accuracy: 98.05_ Learning rate: 0.01000
Epoch: [100][146/196]_, Loss: 0.0327_ Accuracy: 99.22_ Learning rate: 0.01000
Epoch: [100][195/196]_, Loss: 0.0870_ Accuracy: 97.50_ Learning rate: 0.01000
Test accuracy: 91.22_
Epoch: [101][0/196]_, Loss: 0.0243_ Accuracy: 99.61_ Learning rate: 0.01000
Epoch: [101][48/196]_, Loss: 0.0389_ Accuracy: 99.22_ Learning rate: 0.01000
Epoch: [101][97/196]_, Loss: 0.0427_ Accuracy: 99.22_ Learning rate: 0.01000
Epoch: [101][146/196]_, Loss: 0.0432_ Accuracy: 97.66_ Learning rate: 0.01000
Epoch: [101][195/196]_, Loss: 0.0821_ Accuracy: 97.50_ Learning rate: 0.01000
Test accuracy: 91.21_
Epoch: [102][0/196]_, Loss: 0.0203_ Accuracy: 99.22_ Learning rate: 0.01000
Epoch: [102][48/196]_, Loss: 0.0310_ Accuracy: 99.22_ Learning rate: 0.01000
Epoch: [102][97/196]_, Loss: 0.0418_ Accuracy: 98.83_ Learning rate: 0.01000
Epoch: [102][146/196]_, Loss: 0.0210_ Accuracy: 100.00_ Learning rate: 0.01000
Epoch: [102][195/196]_, Loss: 0.2498_ Accuracy: 93.75_ Learning rate: 0.01000
Test accuracy: 91.22_
Epoch: [103][0/196]_, Loss: 0.0349_ Accuracy: 98.83_ Learning rate: 0.01000
Epoch: [103][48/196]_, Loss: 0.0341_ Accuracy: 98.83_ Learning rate: 0.01000
Epoch: [103][97/196]_, Loss: 0.0354_ Accuracy: 98.83_ Learning rate: 0.01000
Epoch: [103][146/196]_, Loss: 0.0390_ Accuracy: 98.83_ Learning rate: 0.01000
Epoch: [103][195/196]_, Loss: 0.0519_ Accuracy: 97.50_ Learning rate: 0.01000
Test accuracy: 91.35_
Epoch: [104][0/196]_, Loss: 0.0240_ Accuracy: 99.22_ Learning rate: 0.01000
Epoch: [104][48/196]_, Loss: 0.0280_ Accuracy: 99.22_ Learning rate: 0.01000
Epoch: [104][97/196]_, Loss: 0.0369_ Accuracy: 99.22_ Learning rate: 0.01000
Epoch: [104][146/196]_, Loss: 0.0261_ Accuracy: 99.61_ Learning rate: 0.01000
Epoch: [104][195/196]_, Loss: 0.1062_ Accuracy: 96.25_ Learning rate: 0.01000
Test accuracy: 91.03_
Epoch: [105][0/196]_, Loss: 0.0391_ Accuracy: 98.83_ Learning rate: 0.01000
Epoch: [105][48/196]_, Loss: 0.0183_ Accuracy: 99.61_ Learning rate: 0.01000
Epoch: [105][97/196]_, Loss: 0.0226_ Accuracy: 99.61_ Learning rate: 0.01000
Epoch: [105][146/196]_, Loss: 0.0391_ Accuracy: 98.44_ Learning rate: 0.01000
Epoch: [105][195/196]_, Loss: 0.0526_ Accuracy: 98.75_ Learning rate: 0.01000
Test accuracy: 91.39_
Epoch: [106][0/196]_, Loss: 0.0345_ Accuracy: 98.83_ Learning rate: 0.01000
Epoch: [106][48/196]_, Loss: 0.0344_ Accuracy: 98.83_ Learning rate: 0.01000
Epoch: [106][97/196]_, Loss: 0.0447_ Accuracy: 98.83_ Learning rate: 0.01000
Epoch: [106][146/196]_, Loss: 0.0345_ Accuracy: 98.83_ Learning rate: 0.01000
Epoch: [106][195/196]_, Loss: 0.1538_ Accuracy: 95.00_ Learning rate: 0.01000
Test accuracy: 91.28_
Epoch: [107][0/196]_, Loss: 0.0238_ Accuracy: 99.22_ Learning rate: 0.01000
Epoch: [107][48/196]_, Loss: 0.0282_ Accuracy: 99.61_ Learning rate: 0.01000
Epoch: [107][97/196]_, Loss: 0.0433_ Accuracy: 99.22_ Learning rate: 0.01000
Epoch: [107][146/196]_, Loss: 0.0313_ Accuracy: 98.83_ Learning rate: 0.01000
Epoch: [107][195/196]_, Loss: 0.0346_ Accuracy: 100.00_ Learning rate: 0.01000
Test accuracy: 91.1_
Epoch: [108][0/196]_, Loss: 0.0657_ Accuracy: 98.44_ Learning rate: 0.01000
Epoch: [108][48/196]_, Loss: 0.0335_ Accuracy: 99.22_ Learning rate: 0.01000
Epoch: [108][97/196]_, Loss: 0.0615_ Accuracy: 96.88_ Learning rate: 0.01000
Epoch: [108][146/196]_, Loss: 0.0491_ Accuracy: 98.44_ Learning rate: 0.01000
Epoch: [108][195/196]_, Loss: 0.0982_ Accuracy: 97.50_ Learning rate: 0.01000
Test accuracy: 91.28_
Epoch: [109][0/196]_, Loss: 0.0281_ Accuracy: 99.61_ Learning rate: 0.01000
Epoch: [109][48/196]_, Loss: 0.0393_ Accuracy: 98.83_ Learning rate: 0.01000
Epoch: [109][97/196]_, Loss: 0.0313_ Accuracy: 98.83_ Learning rate: 0.01000
Epoch: [109][146/196]_, Loss: 0.0351_ Accuracy: 98.83_ Learning rate: 0.01000
Epoch: [109][195/196]_, Loss: 0.0896_ Accuracy: 98.75_ Learning rate: 0.01000
Test accuracy: 91.2_
Epoch: [110][0/196]_, Loss: 0.0337_ Accuracy: 98.83_ Learning rate: 0.01000
Epoch: [110][48/196]_, Loss: 0.0197_ Accuracy: 99.61_ Learning rate: 0.01000
Epoch: [110][97/196]_, Loss: 0.0302_ Accuracy: 99.22_ Learning rate: 0.01000
Epoch: [110][146/196]_, Loss: 0.0309_ Accuracy: 99.22_ Learning rate: 0.01000
Epoch: [110][195/196]_, Loss: 0.0728_ Accuracy: 97.50_ Learning rate: 0.01000
Test accuracy: 91.25_
Epoch: [111][0/196]_, Loss: 0.0373_ Accuracy: 99.22_ Learning rate: 0.01000
Epoch: [111][48/196]_, Loss: 0.0405_ Accuracy: 99.22_ Learning rate: 0.01000
Epoch: [111][97/196]_, Loss: 0.0228_ Accuracy: 100.00_ Learning rate: 0.01000
Epoch: [111][146/196]_, Loss: 0.0206_ Accuracy: 99.22_ Learning rate: 0.01000
Epoch: [111][195/196]_, Loss: 0.0115_ Accuracy: 100.00_ Learning rate: 0.01000
Test accuracy: 91.05_
Epoch: [112][0/196]_, Loss: 0.0219_ Accuracy: 99.22_ Learning rate: 0.01000
Epoch: [112][48/196]_, Loss: 0.0240_ Accuracy: 99.22_ Learning rate: 0.01000
Epoch: [112][97/196]_, Loss: 0.0146_ Accuracy: 100.00_ Learning rate: 0.01000
Epoch: [112][146/196]_, Loss: 0.0372_ Accuracy: 99.22_ Learning rate: 0.01000
Epoch: [112][195/196]_, Loss: 0.0085_ Accuracy: 100.00_ Learning rate: 0.01000
Test accuracy: 91.13_
Epoch: [113][0/196]_, Loss: 0.0265_ Accuracy: 99.61_ Learning rate: 0.01000
Epoch: [113][48/196]_, Loss: 0.0582_ Accuracy: 98.05_ Learning rate: 0.01000
Epoch: [113][97/196]_, Loss: 0.0106_ Accuracy: 100.00_ Learning rate: 0.01000
Epoch: [113][146/196]_, Loss: 0.0460_ Accuracy: 99.22_ Learning rate: 0.01000
Epoch: [113][195/196]_, Loss: 0.0788_ Accuracy: 97.50_ Learning rate: 0.01000
Test accuracy: 90.95_
Epoch: [114][0/196]_, Loss: 0.0295_ Accuracy: 98.83_ Learning rate: 0.01000
Epoch: [114][48/196]_, Loss: 0.0466_ Accuracy: 98.83_ Learning rate: 0.01000
Epoch: [114][97/196]_, Loss: 0.0179_ Accuracy: 99.61_ Learning rate: 0.01000
Epoch: [114][146/196]_, Loss: 0.0556_ Accuracy: 98.44_ Learning rate: 0.01000
Epoch: [114][195/196]_, Loss: 0.0222_ Accuracy: 100.00_ Learning rate: 0.01000
Test accuracy: 91.23_
Epoch: [115][0/196]_, Loss: 0.0344_ Accuracy: 98.83_ Learning rate: 0.01000
Epoch: [115][48/196]_, Loss: 0.0364_ Accuracy: 98.44_ Learning rate: 0.01000
Epoch: [115][97/196]_, Loss: 0.0308_ Accuracy: 99.22_ Learning rate: 0.01000
Epoch: [115][146/196]_, Loss: 0.0241_ Accuracy: 100.00_ Learning rate: 0.01000
Epoch: [115][195/196]_, Loss: 0.0332_ Accuracy: 100.00_ Learning rate: 0.01000
Test accuracy: 91.11_
Epoch: [116][0/196]_, Loss: 0.0240_ Accuracy: 99.61_ Learning rate: 0.01000
Epoch: [116][48/196]_, Loss: 0.0260_ Accuracy: 99.22_ Learning rate: 0.01000
Epoch: [116][97/196]_, Loss: 0.0360_ Accuracy: 99.61_ Learning rate: 0.01000
Epoch: [116][146/196]_, Loss: 0.0309_ Accuracy: 99.22_ Learning rate: 0.01000
Epoch: [116][195/196]_, Loss: 0.0214_ Accuracy: 100.00_ Learning rate: 0.01000
Test accuracy: 91.13_
Epoch: [117][0/196]_, Loss: 0.0233_ Accuracy: 99.61_ Learning rate: 0.01000
Epoch: [117][48/196]_, Loss: 0.0182_ Accuracy: 99.61_ Learning rate: 0.01000
Epoch: [117][97/196]_, Loss: 0.0237_ Accuracy: 99.61_ Learning rate: 0.01000
Epoch: [117][146/196]_, Loss: 0.0157_ Accuracy: 100.00_ Learning rate: 0.01000
Epoch: [117][195/196]_, Loss: 0.0372_ Accuracy: 100.00_ Learning rate: 0.01000
Test accuracy: 91.09_
Epoch: [118][0/196]_, Loss: 0.0302_ Accuracy: 98.83_ Learning rate: 0.01000
Epoch: [118][48/196]_, Loss: 0.0237_ Accuracy: 99.61_ Learning rate: 0.01000
Epoch: [118][97/196]_, Loss: 0.0546_ Accuracy: 98.44_ Learning rate: 0.01000
Epoch: [118][146/196]_, Loss: 0.0256_ Accuracy: 99.61_ Learning rate: 0.01000
Epoch: [118][195/196]_, Loss: 0.0260_ Accuracy: 100.00_ Learning rate: 0.01000
Test accuracy: 90.92_
Epoch: [119][0/196]_, Loss: 0.0407_ Accuracy: 98.44_ Learning rate: 0.01000
Epoch: [119][48/196]_, Loss: 0.0264_ Accuracy: 99.22_ Learning rate: 0.01000
Epoch: [119][97/196]_, Loss: 0.0445_ Accuracy: 98.44_ Learning rate: 0.01000
Epoch: [119][146/196]_, Loss: 0.0211_ Accuracy: 99.22_ Learning rate: 0.01000
Epoch: [119][195/196]_, Loss: 0.0288_ Accuracy: 100.00_ Learning rate: 0.01000
Test accuracy: 90.96_
Epoch: [120][0/196]_, Loss: 0.0203_ Accuracy: 99.61_ Learning rate: 0.00100
Epoch: [120][48/196]_, Loss: 0.0136_ Accuracy: 99.22_ Learning rate: 0.00100
Epoch: [120][97/196]_, Loss: 0.0295_ Accuracy: 99.22_ Learning rate: 0.00100
Epoch: [120][146/196]_, Loss: 0.0288_ Accuracy: 99.22_ Learning rate: 0.00100
Epoch: [120][195/196]_, Loss: 0.0322_ Accuracy: 98.75_ Learning rate: 0.00100
Test accuracy: 91.22_
Epoch: [121][0/196]_, Loss: 0.0212_ Accuracy: 99.61_ Learning rate: 0.00100
Epoch: [121][48/196]_, Loss: 0.0201_ Accuracy: 99.61_ Learning rate: 0.00100
Epoch: [121][97/196]_, Loss: 0.0213_ Accuracy: 99.61_ Learning rate: 0.00100
Epoch: [121][146/196]_, Loss: 0.0267_ Accuracy: 99.22_ Learning rate: 0.00100
Epoch: [121][195/196]_, Loss: 0.0485_ Accuracy: 98.75_ Learning rate: 0.00100
Test accuracy: 91.19_
Epoch: [122][0/196]_, Loss: 0.0440_ Accuracy: 98.83_ Learning rate: 0.00100
Epoch: [122][48/196]_, Loss: 0.0180_ Accuracy: 99.61_ Learning rate: 0.00100
Epoch: [122][97/196]_, Loss: 0.0190_ Accuracy: 99.22_ Learning rate: 0.00100
Epoch: [122][146/196]_, Loss: 0.0168_ Accuracy: 99.61_ Learning rate: 0.00100
Epoch: [122][195/196]_, Loss: 0.0316_ Accuracy: 98.75_ Learning rate: 0.00100
Test accuracy: 91.26_
Epoch: [123][0/196]_, Loss: 0.0230_ Accuracy: 99.22_ Learning rate: 0.00100
Epoch: [123][48/196]_, Loss: 0.0192_ Accuracy: 100.00_ Learning rate: 0.00100
Epoch: [123][97/196]_, Loss: 0.0126_ Accuracy: 100.00_ Learning rate: 0.00100
Epoch: [123][146/196]_, Loss: 0.0160_ Accuracy: 99.61_ Learning rate: 0.00100
Epoch: [123][195/196]_, Loss: 0.0232_ Accuracy: 100.00_ Learning rate: 0.00100
Test accuracy: 91.3_
Epoch: [124][0/196]_, Loss: 0.0203_ Accuracy: 99.22_ Learning rate: 0.00100
Epoch: [124][48/196]_, Loss: 0.0177_ Accuracy: 99.61_ Learning rate: 0.00100
Epoch: [124][97/196]_, Loss: 0.0192_ Accuracy: 99.61_ Learning rate: 0.00100
Epoch: [124][146/196]_, Loss: 0.0334_ Accuracy: 98.44_ Learning rate: 0.00100
Epoch: [124][195/196]_, Loss: 0.0133_ Accuracy: 100.00_ Learning rate: 0.00100
Test accuracy: 91.33_
Epoch: [125][0/196]_, Loss: 0.0232_ Accuracy: 99.22_ Learning rate: 0.00100
Epoch: [125][48/196]_, Loss: 0.0191_ Accuracy: 99.61_ Learning rate: 0.00100
Epoch: [125][97/196]_, Loss: 0.0174_ Accuracy: 100.00_ Learning rate: 0.00100
Epoch: [125][146/196]_, Loss: 0.0376_ Accuracy: 98.44_ Learning rate: 0.00100
Epoch: [125][195/196]_, Loss: 0.0060_ Accuracy: 100.00_ Learning rate: 0.00100
Test accuracy: 91.28_
Epoch: [126][0/196]_, Loss: 0.0272_ Accuracy: 99.22_ Learning rate: 0.00100
Epoch: [126][48/196]_, Loss: 0.0434_ Accuracy: 98.83_ Learning rate: 0.00100
Epoch: [126][97/196]_, Loss: 0.0197_ Accuracy: 99.22_ Learning rate: 0.00100
Epoch: [126][146/196]_, Loss: 0.0251_ Accuracy: 98.83_ Learning rate: 0.00100
Epoch: [126][195/196]_, Loss: 0.0254_ Accuracy: 98.75_ Learning rate: 0.00100
Test accuracy: 91.13_
Epoch: [127][0/196]_, Loss: 0.0183_ Accuracy: 99.22_ Learning rate: 0.00100
Epoch: [127][48/196]_, Loss: 0.0448_ Accuracy: 98.44_ Learning rate: 0.00100
Epoch: [127][97/196]_, Loss: 0.0270_ Accuracy: 99.22_ Learning rate: 0.00100
Epoch: [127][146/196]_, Loss: 0.0126_ Accuracy: 100.00_ Learning rate: 0.00100
Epoch: [127][195/196]_, Loss: 0.0107_ Accuracy: 100.00_ Learning rate: 0.00100
Test accuracy: 91.22_
Epoch: [128][0/196]_, Loss: 0.0327_ Accuracy: 99.22_ Learning rate: 0.00100
Epoch: [128][48/196]_, Loss: 0.0355_ Accuracy: 98.44_ Learning rate: 0.00100
Epoch: [128][97/196]_, Loss: 0.0212_ Accuracy: 99.61_ Learning rate: 0.00100
Epoch: [128][146/196]_, Loss: 0.0335_ Accuracy: 98.83_ Learning rate: 0.00100
Epoch: [128][195/196]_, Loss: 0.0133_ Accuracy: 100.00_ Learning rate: 0.00100
Test accuracy: 91.34_
Epoch: [129][0/196]_, Loss: 0.0235_ Accuracy: 99.61_ Learning rate: 0.00100
Epoch: [129][48/196]_, Loss: 0.0303_ Accuracy: 99.22_ Learning rate: 0.00100
Epoch: [129][97/196]_, Loss: 0.0068_ Accuracy: 100.00_ Learning rate: 0.00100
Epoch: [129][146/196]_, Loss: 0.0393_ Accuracy: 98.44_ Learning rate: 0.00100
Epoch: [129][195/196]_, Loss: 0.0186_ Accuracy: 100.00_ Learning rate: 0.00100
Test accuracy: 91.35_
Epoch: [130][0/196]_, Loss: 0.0176_ Accuracy: 99.61_ Learning rate: 0.00100
Epoch: [130][48/196]_, Loss: 0.0156_ Accuracy: 99.61_ Learning rate: 0.00100
Epoch: [130][97/196]_, Loss: 0.0238_ Accuracy: 99.61_ Learning rate: 0.00100
Epoch: [130][146/196]_, Loss: 0.0228_ Accuracy: 98.83_ Learning rate: 0.00100
Epoch: [130][195/196]_, Loss: 0.0315_ Accuracy: 98.75_ Learning rate: 0.00100
Test accuracy: 91.35_
Epoch: [131][0/196]_, Loss: 0.0065_ Accuracy: 100.00_ Learning rate: 0.00100
Epoch: [131][48/196]_, Loss: 0.0447_ Accuracy: 98.05_ Learning rate: 0.00100
Epoch: [131][97/196]_, Loss: 0.0170_ Accuracy: 99.61_ Learning rate: 0.00100
Epoch: [131][146/196]_, Loss: 0.0297_ Accuracy: 99.22_ Learning rate: 0.00100
Epoch: [131][195/196]_, Loss: 0.0489_ Accuracy: 98.75_ Learning rate: 0.00100
Test accuracy: 91.18_
Epoch: [132][0/196]_, Loss: 0.0165_ Accuracy: 99.61_ Learning rate: 0.00100
Epoch: [132][48/196]_, Loss: 0.0136_ Accuracy: 99.61_ Learning rate: 0.00100
Epoch: [132][97/196]_, Loss: 0.0119_ Accuracy: 99.61_ Learning rate: 0.00100
Epoch: [132][146/196]_, Loss: 0.0126_ Accuracy: 100.00_ Learning rate: 0.00100
Epoch: [132][195/196]_, Loss: 0.0066_ Accuracy: 100.00_ Learning rate: 0.00100
Test accuracy: 91.15_
Epoch: [133][0/196]_, Loss: 0.0228_ Accuracy: 99.61_ Learning rate: 0.00100
Epoch: [133][48/196]_, Loss: 0.0253_ Accuracy: 98.83_ Learning rate: 0.00100
Epoch: [133][97/196]_, Loss: 0.0175_ Accuracy: 99.61_ Learning rate: 0.00100
Epoch: [133][146/196]_, Loss: 0.0160_ Accuracy: 100.00_ Learning rate: 0.00100
Epoch: [133][195/196]_, Loss: 0.0126_ Accuracy: 100.00_ Learning rate: 0.00100
Test accuracy: 91.35_
Epoch: [134][0/196]_, Loss: 0.0193_ Accuracy: 99.22_ Learning rate: 0.00100
Epoch: [134][48/196]_, Loss: 0.0333_ Accuracy: 98.44_ Learning rate: 0.00100
Epoch: [134][97/196]_, Loss: 0.0223_ Accuracy: 99.22_ Learning rate: 0.00100
Epoch: [134][146/196]_, Loss: 0.0226_ Accuracy: 99.22_ Learning rate: 0.00100
Epoch: [134][195/196]_, Loss: 0.0678_ Accuracy: 97.50_ Learning rate: 0.00100
Test accuracy: 91.3_
Epoch: [135][0/196]_, Loss: 0.0262_ Accuracy: 99.22_ Learning rate: 0.00100
Epoch: [135][48/196]_, Loss: 0.0258_ Accuracy: 99.22_ Learning rate: 0.00100
Epoch: [135][97/196]_, Loss: 0.0303_ Accuracy: 98.83_ Learning rate: 0.00100
Epoch: [135][146/196]_, Loss: 0.0235_ Accuracy: 99.22_ Learning rate: 0.00100
Epoch: [135][195/196]_, Loss: 0.0367_ Accuracy: 98.75_ Learning rate: 0.00100
Test accuracy: 91.23_
Epoch: [136][0/196]_, Loss: 0.0138_ Accuracy: 100.00_ Learning rate: 0.00100
Epoch: [136][48/196]_, Loss: 0.0156_ Accuracy: 99.61_ Learning rate: 0.00100
Epoch: [136][97/196]_, Loss: 0.0137_ Accuracy: 99.61_ Learning rate: 0.00100
Epoch: [136][146/196]_, Loss: 0.0256_ Accuracy: 99.22_ Learning rate: 0.00100
Epoch: [136][195/196]_, Loss: 0.0357_ Accuracy: 98.75_ Learning rate: 0.00100
Test accuracy: 91.28_
Epoch: [137][0/196]_, Loss: 0.0142_ Accuracy: 99.22_ Learning rate: 0.00100
Epoch: [137][48/196]_, Loss: 0.0184_ Accuracy: 100.00_ Learning rate: 0.00100
Epoch: [137][97/196]_, Loss: 0.0324_ Accuracy: 98.83_ Learning rate: 0.00100
Epoch: [137][146/196]_, Loss: 0.0337_ Accuracy: 99.22_ Learning rate: 0.00100
Epoch: [137][195/196]_, Loss: 0.0608_ Accuracy: 97.50_ Learning rate: 0.00100
Test accuracy: 91.17_
Epoch: [138][0/196]_, Loss: 0.0105_ Accuracy: 99.61_ Learning rate: 0.00100
Epoch: [138][48/196]_, Loss: 0.0233_ Accuracy: 99.61_ Learning rate: 0.00100
Epoch: [138][97/196]_, Loss: 0.0124_ Accuracy: 99.61_ Learning rate: 0.00100
Epoch: [138][146/196]_, Loss: 0.0153_ Accuracy: 99.61_ Learning rate: 0.00100
Epoch: [138][195/196]_, Loss: 0.0056_ Accuracy: 100.00_ Learning rate: 0.00100
Test accuracy: 91.44_
Epoch: [139][0/196]_, Loss: 0.0378_ Accuracy: 98.83_ Learning rate: 0.00100
Epoch: [139][48/196]_, Loss: 0.0151_ Accuracy: 100.00_ Learning rate: 0.00100
Epoch: [139][97/196]_, Loss: 0.0198_ Accuracy: 99.22_ Learning rate: 0.00100
Epoch: [139][146/196]_, Loss: 0.0157_ Accuracy: 100.00_ Learning rate: 0.00100
Epoch: [139][195/196]_, Loss: 0.0209_ Accuracy: 100.00_ Learning rate: 0.00100
Test accuracy: 91.26_
Epoch: [140][0/196]_, Loss: 0.0256_ Accuracy: 99.22_ Learning rate: 0.00100
Epoch: [140][48/196]_, Loss: 0.0123_ Accuracy: 100.00_ Learning rate: 0.00100
Epoch: [140][97/196]_, Loss: 0.0182_ Accuracy: 99.61_ Learning rate: 0.00100
Epoch: [140][146/196]_, Loss: 0.0501_ Accuracy: 98.83_ Learning rate: 0.00100
Epoch: [140][195/196]_, Loss: 0.0076_ Accuracy: 100.00_ Learning rate: 0.00100
Test accuracy: 91.29_
Epoch: [141][0/196]_, Loss: 0.0123_ Accuracy: 100.00_ Learning rate: 0.00100
Epoch: [141][48/196]_, Loss: 0.0255_ Accuracy: 99.22_ Learning rate: 0.00100
Epoch: [141][97/196]_, Loss: 0.0228_ Accuracy: 99.22_ Learning rate: 0.00100
Epoch: [141][146/196]_, Loss: 0.0190_ Accuracy: 99.61_ Learning rate: 0.00100
Epoch: [141][195/196]_, Loss: 0.1053_ Accuracy: 97.50_ Learning rate: 0.00100
Test accuracy: 91.14_
Epoch: [142][0/196]_, Loss: 0.0308_ Accuracy: 98.44_ Learning rate: 0.00100
Epoch: [142][48/196]_, Loss: 0.0269_ Accuracy: 98.44_ Learning rate: 0.00100
Epoch: [142][97/196]_, Loss: 0.0170_ Accuracy: 99.61_ Learning rate: 0.00100
Epoch: [142][146/196]_, Loss: 0.0261_ Accuracy: 99.61_ Learning rate: 0.00100
Epoch: [142][195/196]_, Loss: 0.0785_ Accuracy: 98.75_ Learning rate: 0.00100
Test accuracy: 91.16_
Epoch: [143][0/196]_, Loss: 0.0118_ Accuracy: 100.00_ Learning rate: 0.00100
Epoch: [143][48/196]_, Loss: 0.0167_ Accuracy: 99.22_ Learning rate: 0.00100
Epoch: [143][97/196]_, Loss: 0.0143_ Accuracy: 100.00_ Learning rate: 0.00100
Epoch: [143][146/196]_, Loss: 0.0115_ Accuracy: 100.00_ Learning rate: 0.00100
Epoch: [143][195/196]_, Loss: 0.0366_ Accuracy: 98.75_ Learning rate: 0.00100
Test accuracy: 91.34_
Epoch: [144][0/196]_, Loss: 0.0095_ Accuracy: 100.00_ Learning rate: 0.00100
Epoch: [144][48/196]_, Loss: 0.0101_ Accuracy: 100.00_ Learning rate: 0.00100
Epoch: [144][97/196]_, Loss: 0.0293_ Accuracy: 99.22_ Learning rate: 0.00100
Epoch: [144][146/196]_, Loss: 0.0133_ Accuracy: 100.00_ Learning rate: 0.00100
Epoch: [144][195/196]_, Loss: 0.0453_ Accuracy: 98.75_ Learning rate: 0.00100
Test accuracy: 91.45_
Epoch: [145][0/196]_, Loss: 0.0296_ Accuracy: 99.22_ Learning rate: 0.00100
Epoch: [145][48/196]_, Loss: 0.0159_ Accuracy: 99.61_ Learning rate: 0.00100
Epoch: [145][97/196]_, Loss: 0.0195_ Accuracy: 99.61_ Learning rate: 0.00100
Epoch: [145][146/196]_, Loss: 0.0176_ Accuracy: 99.61_ Learning rate: 0.00100
Epoch: [145][195/196]_, Loss: 0.0373_ Accuracy: 98.75_ Learning rate: 0.00100
Test accuracy: 91.29_
Epoch: [146][0/196]_, Loss: 0.0340_ Accuracy: 98.83_ Learning rate: 0.00100
Epoch: [146][48/196]_, Loss: 0.0354_ Accuracy: 98.44_ Learning rate: 0.00100
Epoch: [146][97/196]_, Loss: 0.0176_ Accuracy: 99.61_ Learning rate: 0.00100
Epoch: [146][146/196]_, Loss: 0.0553_ Accuracy: 98.44_ Learning rate: 0.00100
Epoch: [146][195/196]_, Loss: 0.0116_ Accuracy: 100.00_ Learning rate: 0.00100
Test accuracy: 91.23_
Epoch: [147][0/196]_, Loss: 0.0259_ Accuracy: 99.61_ Learning rate: 0.00100
Epoch: [147][48/196]_, Loss: 0.0148_ Accuracy: 99.61_ Learning rate: 0.00100
Epoch: [147][97/196]_, Loss: 0.0143_ Accuracy: 100.00_ Learning rate: 0.00100
Epoch: [147][146/196]_, Loss: 0.0244_ Accuracy: 99.22_ Learning rate: 0.00100
Epoch: [147][195/196]_, Loss: 0.0269_ Accuracy: 98.75_ Learning rate: 0.00100
Test accuracy: 91.32_
Epoch: [148][0/196]_, Loss: 0.0311_ Accuracy: 99.22_ Learning rate: 0.00100
Epoch: [148][48/196]_, Loss: 0.0160_ Accuracy: 99.61_ Learning rate: 0.00100
Epoch: [148][97/196]_, Loss: 0.0385_ Accuracy: 98.83_ Learning rate: 0.00100
Epoch: [148][146/196]_, Loss: 0.0264_ Accuracy: 99.22_ Learning rate: 0.00100
Epoch: [148][195/196]_, Loss: 0.0668_ Accuracy: 98.75_ Learning rate: 0.00100
Test accuracy: 91.29_
Epoch: [149][0/196]_, Loss: 0.0151_ Accuracy: 99.22_ Learning rate: 0.00100
Epoch: [149][48/196]_, Loss: 0.0252_ Accuracy: 99.61_ Learning rate: 0.00100
Epoch: [149][97/196]_, Loss: 0.0223_ Accuracy: 99.22_ Learning rate: 0.00100
Epoch: [149][146/196]_, Loss: 0.0281_ Accuracy: 98.83_ Learning rate: 0.00100
Epoch: [149][195/196]_, Loss: 0.0321_ Accuracy: 98.75_ Learning rate: 0.00100
Test accuracy: 91.32_
Epoch: [150][0/196]_, Loss: 0.0274_ Accuracy: 98.83_ Learning rate: 0.00100
Epoch: [150][48/196]_, Loss: 0.0113_ Accuracy: 100.00_ Learning rate: 0.00100
Epoch: [150][97/196]_, Loss: 0.0196_ Accuracy: 99.61_ Learning rate: 0.00100
Epoch: [150][146/196]_, Loss: 0.0179_ Accuracy: 99.22_ Learning rate: 0.00100
Epoch: [150][195/196]_, Loss: 0.0050_ Accuracy: 100.00_ Learning rate: 0.00100
Test accuracy: 91.35_
Epoch: [151][0/196]_, Loss: 0.0289_ Accuracy: 98.83_ Learning rate: 0.00100
Epoch: [151][48/196]_, Loss: 0.0255_ Accuracy: 99.22_ Learning rate: 0.00100
Epoch: [151][97/196]_, Loss: 0.0344_ Accuracy: 98.05_ Learning rate: 0.00100
Epoch: [151][146/196]_, Loss: 0.0211_ Accuracy: 99.61_ Learning rate: 0.00100
Epoch: [151][195/196]_, Loss: 0.0537_ Accuracy: 98.75_ Learning rate: 0.00100
Test accuracy: 91.28_
Epoch: [152][0/196]_, Loss: 0.0225_ Accuracy: 99.61_ Learning rate: 0.00100
Epoch: [152][48/196]_, Loss: 0.0162_ Accuracy: 99.61_ Learning rate: 0.00100
Epoch: [152][97/196]_, Loss: 0.0149_ Accuracy: 99.61_ Learning rate: 0.00100
Epoch: [152][146/196]_, Loss: 0.0082_ Accuracy: 100.00_ Learning rate: 0.00100
Epoch: [152][195/196]_, Loss: 0.0349_ Accuracy: 98.75_ Learning rate: 0.00100
Test accuracy: 91.24_
Epoch: [153][0/196]_, Loss: 0.0148_ Accuracy: 99.61_ Learning rate: 0.00100
Epoch: [153][48/196]_, Loss: 0.0243_ Accuracy: 99.61_ Learning rate: 0.00100
Epoch: [153][97/196]_, Loss: 0.0089_ Accuracy: 100.00_ Learning rate: 0.00100
Epoch: [153][146/196]_, Loss: 0.0317_ Accuracy: 98.83_ Learning rate: 0.00100
Epoch: [153][195/196]_, Loss: 0.0306_ Accuracy: 98.75_ Learning rate: 0.00100
Test accuracy: 91.32_
Epoch: [154][0/196]_, Loss: 0.0469_ Accuracy: 99.22_ Learning rate: 0.00100
Epoch: [154][48/196]_, Loss: 0.0445_ Accuracy: 99.22_ Learning rate: 0.00100
Epoch: [154][97/196]_, Loss: 0.0540_ Accuracy: 97.66_ Learning rate: 0.00100
Epoch: [154][146/196]_, Loss: 0.0143_ Accuracy: 99.61_ Learning rate: 0.00100
Epoch: [154][195/196]_, Loss: 0.0232_ Accuracy: 98.75_ Learning rate: 0.00100
Test accuracy: 91.28_
Epoch: [155][0/196]_, Loss: 0.0169_ Accuracy: 99.61_ Learning rate: 0.00100
Epoch: [155][48/196]_, Loss: 0.0145_ Accuracy: 100.00_ Learning rate: 0.00100
Epoch: [155][97/196]_, Loss: 0.0149_ Accuracy: 99.22_ Learning rate: 0.00100
Epoch: [155][146/196]_, Loss: 0.0202_ Accuracy: 100.00_ Learning rate: 0.00100
Epoch: [155][195/196]_, Loss: 0.0522_ Accuracy: 98.75_ Learning rate: 0.00100
Test accuracy: 91.16_
Epoch: [156][0/196]_, Loss: 0.0240_ Accuracy: 98.44_ Learning rate: 0.00100
Epoch: [156][48/196]_, Loss: 0.0215_ Accuracy: 99.22_ Learning rate: 0.00100
Epoch: [156][97/196]_, Loss: 0.0396_ Accuracy: 98.83_ Learning rate: 0.00100
Epoch: [156][146/196]_, Loss: 0.0109_ Accuracy: 99.61_ Learning rate: 0.00100
Epoch: [156][195/196]_, Loss: 0.0222_ Accuracy: 100.00_ Learning rate: 0.00100
Test accuracy: 91.3_
Epoch: [157][0/196]_, Loss: 0.0204_ Accuracy: 99.22_ Learning rate: 0.00100
Epoch: [157][48/196]_, Loss: 0.0157_ Accuracy: 99.22_ Learning rate: 0.00100
Epoch: [157][97/196]_, Loss: 0.0280_ Accuracy: 98.83_ Learning rate: 0.00100
Epoch: [157][146/196]_, Loss: 0.0051_ Accuracy: 100.00_ Learning rate: 0.00100
Epoch: [157][195/196]_, Loss: 0.1048_ Accuracy: 97.50_ Learning rate: 0.00100
Test accuracy: 91.27_
Epoch: [158][0/196]_, Loss: 0.0134_ Accuracy: 99.61_ Learning rate: 0.00100
Epoch: [158][48/196]_, Loss: 0.0129_ Accuracy: 100.00_ Learning rate: 0.00100
Epoch: [158][97/196]_, Loss: 0.0211_ Accuracy: 100.00_ Learning rate: 0.00100
Epoch: [158][146/196]_, Loss: 0.0339_ Accuracy: 99.22_ Learning rate: 0.00100
Epoch: [158][195/196]_, Loss: 0.0766_ Accuracy: 97.50_ Learning rate: 0.00100
Test accuracy: 91.42_
Epoch: [159][0/196]_, Loss: 0.0255_ Accuracy: 99.22_ Learning rate: 0.00100
Epoch: [159][48/196]_, Loss: 0.0252_ Accuracy: 99.22_ Learning rate: 0.00100
Epoch: [159][97/196]_, Loss: 0.0412_ Accuracy: 98.83_ Learning rate: 0.00100
Epoch: [159][146/196]_, Loss: 0.0087_ Accuracy: 100.00_ Learning rate: 0.00100
Epoch: [159][195/196]_, Loss: 0.0098_ Accuracy: 100.00_ Learning rate: 0.00100
Test accuracy: 91.33_
Epoch: [160][0/196]_, Loss: 0.0247_ Accuracy: 99.61_ Learning rate: 0.00010
Epoch: [160][48/196]_, Loss: 0.0236_ Accuracy: 99.61_ Learning rate: 0.00010
Epoch: [160][97/196]_, Loss: 0.0121_ Accuracy: 100.00_ Learning rate: 0.00010
Epoch: [160][146/196]_, Loss: 0.0162_ Accuracy: 99.61_ Learning rate: 0.00010
Epoch: [160][195/196]_, Loss: 0.0333_ Accuracy: 98.75_ Learning rate: 0.00010
Test accuracy: 91.26_
Epoch: [161][0/196]_, Loss: 0.0299_ Accuracy: 98.44_ Learning rate: 0.00010
Epoch: [161][48/196]_, Loss: 0.0173_ Accuracy: 100.00_ Learning rate: 0.00010
Epoch: [161][97/196]_, Loss: 0.0222_ Accuracy: 99.22_ Learning rate: 0.00010
Epoch: [161][146/196]_, Loss: 0.0154_ Accuracy: 99.22_ Learning rate: 0.00010
Epoch: [161][195/196]_, Loss: 0.1153_ Accuracy: 93.75_ Learning rate: 0.00010
Test accuracy: 91.22_
Epoch: [162][0/196]_, Loss: 0.0090_ Accuracy: 100.00_ Learning rate: 0.00010
Epoch: [162][48/196]_, Loss: 0.0206_ Accuracy: 99.22_ Learning rate: 0.00010
Epoch: [162][97/196]_, Loss: 0.0132_ Accuracy: 99.61_ Learning rate: 0.00010
Epoch: [162][146/196]_, Loss: 0.0227_ Accuracy: 99.61_ Learning rate: 0.00010
Epoch: [162][195/196]_, Loss: 0.0429_ Accuracy: 98.75_ Learning rate: 0.00010
Test accuracy: 91.35_
Epoch: [163][0/196]_, Loss: 0.0286_ Accuracy: 99.22_ Learning rate: 0.00010
Epoch: [163][48/196]_, Loss: 0.0248_ Accuracy: 99.61_ Learning rate: 0.00010
Epoch: [163][97/196]_, Loss: 0.0076_ Accuracy: 100.00_ Learning rate: 0.00010
Epoch: [163][146/196]_, Loss: 0.0058_ Accuracy: 100.00_ Learning rate: 0.00010
Epoch: [163][195/196]_, Loss: 0.0254_ Accuracy: 98.75_ Learning rate: 0.00010
Test accuracy: 91.36_
Epoch: [164][0/196]_, Loss: 0.0212_ Accuracy: 99.61_ Learning rate: 0.00010
Epoch: [164][48/196]_, Loss: 0.0221_ Accuracy: 99.61_ Learning rate: 0.00010
Epoch: [164][97/196]_, Loss: 0.0288_ Accuracy: 99.22_ Learning rate: 0.00010
Epoch: [164][146/196]_, Loss: 0.0344_ Accuracy: 98.83_ Learning rate: 0.00010
Epoch: [164][195/196]_, Loss: 0.0336_ Accuracy: 98.75_ Learning rate: 0.00010
Test accuracy: 91.28_
Epoch: [165][0/196]_, Loss: 0.0109_ Accuracy: 99.61_ Learning rate: 0.00010
Epoch: [165][48/196]_, Loss: 0.0214_ Accuracy: 99.61_ Learning rate: 0.00010
Epoch: [165][97/196]_, Loss: 0.0142_ Accuracy: 99.61_ Learning rate: 0.00010
Epoch: [165][146/196]_, Loss: 0.0146_ Accuracy: 99.61_ Learning rate: 0.00010
Epoch: [165][195/196]_, Loss: 0.0256_ Accuracy: 98.75_ Learning rate: 0.00010
Test accuracy: 91.36_
Epoch: [166][0/196]_, Loss: 0.0108_ Accuracy: 100.00_ Learning rate: 0.00010
Epoch: [166][48/196]_, Loss: 0.0089_ Accuracy: 100.00_ Learning rate: 0.00010
Epoch: [166][97/196]_, Loss: 0.0196_ Accuracy: 100.00_ Learning rate: 0.00010
Epoch: [166][146/196]_, Loss: 0.0155_ Accuracy: 99.22_ Learning rate: 0.00010
Epoch: [166][195/196]_, Loss: 0.0224_ Accuracy: 98.75_ Learning rate: 0.00010
Test accuracy: 91.26_
Epoch: [167][0/196]_, Loss: 0.0147_ Accuracy: 99.61_ Learning rate: 0.00010
Epoch: [167][48/196]_, Loss: 0.0272_ Accuracy: 98.83_ Learning rate: 0.00010
Epoch: [167][97/196]_, Loss: 0.0147_ Accuracy: 99.22_ Learning rate: 0.00010
Epoch: [167][146/196]_, Loss: 0.0140_ Accuracy: 100.00_ Learning rate: 0.00010
Epoch: [167][195/196]_, Loss: 0.0399_ Accuracy: 98.75_ Learning rate: 0.00010
Test accuracy: 91.41_
Epoch: [168][0/196]_, Loss: 0.0215_ Accuracy: 99.22_ Learning rate: 0.00010
Epoch: [168][48/196]_, Loss: 0.0107_ Accuracy: 100.00_ Learning rate: 0.00010
Epoch: [168][97/196]_, Loss: 0.0228_ Accuracy: 98.44_ Learning rate: 0.00010
Epoch: [168][146/196]_, Loss: 0.0106_ Accuracy: 99.61_ Learning rate: 0.00010
Epoch: [168][195/196]_, Loss: 0.0202_ Accuracy: 100.00_ Learning rate: 0.00010
Test accuracy: 91.22_
Epoch: [169][0/196]_, Loss: 0.0238_ Accuracy: 99.22_ Learning rate: 0.00010
Epoch: [169][48/196]_, Loss: 0.0204_ Accuracy: 99.61_ Learning rate: 0.00010
Epoch: [169][97/196]_, Loss: 0.0135_ Accuracy: 99.61_ Learning rate: 0.00010
Epoch: [169][146/196]_, Loss: 0.0129_ Accuracy: 99.61_ Learning rate: 0.00010
Epoch: [169][195/196]_, Loss: 0.0410_ Accuracy: 98.75_ Learning rate: 0.00010
Test accuracy: 91.31_
Epoch: [170][0/196]_, Loss: 0.0332_ Accuracy: 98.83_ Learning rate: 0.00010
Epoch: [170][48/196]_, Loss: 0.0090_ Accuracy: 100.00_ Learning rate: 0.00010
Epoch: [170][97/196]_, Loss: 0.0234_ Accuracy: 99.61_ Learning rate: 0.00010
Epoch: [170][146/196]_, Loss: 0.0274_ Accuracy: 99.61_ Learning rate: 0.00010
Epoch: [170][195/196]_, Loss: 0.0104_ Accuracy: 100.00_ Learning rate: 0.00010
Test accuracy: 91.34_
Epoch: [171][0/196]_, Loss: 0.0106_ Accuracy: 100.00_ Learning rate: 0.00010
Epoch: [171][48/196]_, Loss: 0.0085_ Accuracy: 100.00_ Learning rate: 0.00010
Epoch: [171][97/196]_, Loss: 0.0228_ Accuracy: 99.22_ Learning rate: 0.00010
Epoch: [171][146/196]_, Loss: 0.0099_ Accuracy: 100.00_ Learning rate: 0.00010
Epoch: [171][195/196]_, Loss: 0.0171_ Accuracy: 100.00_ Learning rate: 0.00010
Test accuracy: 91.28_
Epoch: [172][0/196]_, Loss: 0.0113_ Accuracy: 100.00_ Learning rate: 0.00010
Epoch: [172][48/196]_, Loss: 0.0266_ Accuracy: 98.83_ Learning rate: 0.00010
Epoch: [172][97/196]_, Loss: 0.0074_ Accuracy: 100.00_ Learning rate: 0.00010
Epoch: [172][146/196]_, Loss: 0.0336_ Accuracy: 98.83_ Learning rate: 0.00010
Epoch: [172][195/196]_, Loss: 0.0419_ Accuracy: 97.50_ Learning rate: 0.00010
Test accuracy: 91.26_
Epoch: [173][0/196]_, Loss: 0.0113_ Accuracy: 100.00_ Learning rate: 0.00010
Epoch: [173][48/196]_, Loss: 0.0217_ Accuracy: 99.22_ Learning rate: 0.00010
Epoch: [173][97/196]_, Loss: 0.0215_ Accuracy: 99.61_ Learning rate: 0.00010
Epoch: [173][146/196]_, Loss: 0.0262_ Accuracy: 98.83_ Learning rate: 0.00010
Epoch: [173][195/196]_, Loss: 0.0736_ Accuracy: 97.50_ Learning rate: 0.00010
Test accuracy: 91.4_
Epoch: [174][0/196]_, Loss: 0.0204_ Accuracy: 99.61_ Learning rate: 0.00010
Epoch: [174][48/196]_, Loss: 0.0289_ Accuracy: 98.83_ Learning rate: 0.00010
Epoch: [174][97/196]_, Loss: 0.0286_ Accuracy: 98.83_ Learning rate: 0.00010
Epoch: [174][146/196]_, Loss: 0.0096_ Accuracy: 99.61_ Learning rate: 0.00010
Epoch: [174][195/196]_, Loss: 0.0220_ Accuracy: 100.00_ Learning rate: 0.00010
Test accuracy: 91.34_
Epoch: [175][0/196]_, Loss: 0.0261_ Accuracy: 99.22_ Learning rate: 0.00010
Epoch: [175][48/196]_, Loss: 0.0110_ Accuracy: 99.61_ Learning rate: 0.00010
Epoch: [175][97/196]_, Loss: 0.0476_ Accuracy: 99.22_ Learning rate: 0.00010
Epoch: [175][146/196]_, Loss: 0.0103_ Accuracy: 99.61_ Learning rate: 0.00010
Epoch: [175][195/196]_, Loss: 0.0215_ Accuracy: 98.75_ Learning rate: 0.00010
Test accuracy: 91.28_
Epoch: [176][0/196]_, Loss: 0.0273_ Accuracy: 98.83_ Learning rate: 0.00010
Epoch: [176][48/196]_, Loss: 0.0059_ Accuracy: 100.00_ Learning rate: 0.00010
Epoch: [176][97/196]_, Loss: 0.0078_ Accuracy: 100.00_ Learning rate: 0.00010
Epoch: [176][146/196]_, Loss: 0.0180_ Accuracy: 99.61_ Learning rate: 0.00010
Epoch: [176][195/196]_, Loss: 0.0269_ Accuracy: 100.00_ Learning rate: 0.00010
Test accuracy: 91.36_
Epoch: [177][0/196]_, Loss: 0.0262_ Accuracy: 98.83_ Learning rate: 0.00010
Epoch: [177][48/196]_, Loss: 0.0096_ Accuracy: 100.00_ Learning rate: 0.00010
Epoch: [177][97/196]_, Loss: 0.0217_ Accuracy: 99.61_ Learning rate: 0.00010
Epoch: [177][146/196]_, Loss: 0.0296_ Accuracy: 98.83_ Learning rate: 0.00010
Epoch: [177][195/196]_, Loss: 0.0049_ Accuracy: 100.00_ Learning rate: 0.00010
Test accuracy: 91.34_
Epoch: [178][0/196]_, Loss: 0.0328_ Accuracy: 98.83_ Learning rate: 0.00010
Epoch: [178][48/196]_, Loss: 0.0141_ Accuracy: 99.61_ Learning rate: 0.00010
Epoch: [178][97/196]_, Loss: 0.0371_ Accuracy: 98.44_ Learning rate: 0.00010
Epoch: [178][146/196]_, Loss: 0.0127_ Accuracy: 100.00_ Learning rate: 0.00010
Epoch: [178][195/196]_, Loss: 0.0352_ Accuracy: 98.75_ Learning rate: 0.00010
Test accuracy: 91.33_
Epoch: [179][0/196]_, Loss: 0.0207_ Accuracy: 99.61_ Learning rate: 0.00010
Epoch: [179][48/196]_, Loss: 0.0179_ Accuracy: 99.61_ Learning rate: 0.00010
Epoch: [179][97/196]_, Loss: 0.0077_ Accuracy: 100.00_ Learning rate: 0.00010
Epoch: [179][146/196]_, Loss: 0.0152_ Accuracy: 99.61_ Learning rate: 0.00010
Epoch: [179][195/196]_, Loss: 0.0530_ Accuracy: 97.50_ Learning rate: 0.00010
Test accuracy: 91.41_
Epoch: [180][0/196]_, Loss: 0.0155_ Accuracy: 100.00_ Learning rate: 0.00010
Epoch: [180][48/196]_, Loss: 0.0242_ Accuracy: 98.83_ Learning rate: 0.00010
Epoch: [180][97/196]_, Loss: 0.0166_ Accuracy: 100.00_ Learning rate: 0.00010
Epoch: [180][146/196]_, Loss: 0.0252_ Accuracy: 99.61_ Learning rate: 0.00010
Epoch: [180][195/196]_, Loss: 0.0165_ Accuracy: 100.00_ Learning rate: 0.00010
Test accuracy: 91.28_
Epoch: [181][0/196]_, Loss: 0.0207_ Accuracy: 99.22_ Learning rate: 0.00010
Epoch: [181][48/196]_, Loss: 0.0193_ Accuracy: 99.61_ Learning rate: 0.00010
Epoch: [181][97/196]_, Loss: 0.0216_ Accuracy: 99.61_ Learning rate: 0.00010
Epoch: [181][146/196]_, Loss: 0.0169_ Accuracy: 100.00_ Learning rate: 0.00010
Epoch: [181][195/196]_, Loss: 0.0274_ Accuracy: 98.75_ Learning rate: 0.00010
Test accuracy: 91.35_
Epoch: [182][0/196]_, Loss: 0.0338_ Accuracy: 99.22_ Learning rate: 0.00010
Epoch: [182][48/196]_, Loss: 0.0157_ Accuracy: 100.00_ Learning rate: 0.00010
Epoch: [182][97/196]_, Loss: 0.0266_ Accuracy: 98.83_ Learning rate: 0.00010
Epoch: [182][146/196]_, Loss: 0.0223_ Accuracy: 100.00_ Learning rate: 0.00010
Epoch: [182][195/196]_, Loss: 0.0078_ Accuracy: 100.00_ Learning rate: 0.00010
Test accuracy: 91.33_
Epoch: [183][0/196]_, Loss: 0.0199_ Accuracy: 99.22_ Learning rate: 0.00010
Epoch: [183][48/196]_, Loss: 0.0161_ Accuracy: 99.61_ Learning rate: 0.00010
Epoch: [183][97/196]_, Loss: 0.0144_ Accuracy: 99.61_ Learning rate: 0.00010
Epoch: [183][146/196]_, Loss: 0.0265_ Accuracy: 98.83_ Learning rate: 0.00010
Epoch: [183][195/196]_, Loss: 0.0098_ Accuracy: 100.00_ Learning rate: 0.00010
Test accuracy: 91.34_
Epoch: [184][0/196]_, Loss: 0.0117_ Accuracy: 100.00_ Learning rate: 0.00010
Epoch: [184][48/196]_, Loss: 0.0080_ Accuracy: 100.00_ Learning rate: 0.00010
Epoch: [184][97/196]_, Loss: 0.0157_ Accuracy: 99.61_ Learning rate: 0.00010
Epoch: [184][146/196]_, Loss: 0.0242_ Accuracy: 98.83_ Learning rate: 0.00010
Epoch: [184][195/196]_, Loss: 0.0340_ Accuracy: 98.75_ Learning rate: 0.00010
Test accuracy: 91.22_
Epoch: [185][0/196]_, Loss: 0.0137_ Accuracy: 100.00_ Learning rate: 0.00010
Epoch: [185][48/196]_, Loss: 0.0188_ Accuracy: 99.61_ Learning rate: 0.00010
Epoch: [185][97/196]_, Loss: 0.0216_ Accuracy: 99.61_ Learning rate: 0.00010
Epoch: [185][146/196]_, Loss: 0.0095_ Accuracy: 100.00_ Learning rate: 0.00010
Epoch: [185][195/196]_, Loss: 0.0199_ Accuracy: 100.00_ Learning rate: 0.00010
Test accuracy: 91.28_
Epoch: [186][0/196]_, Loss: 0.0349_ Accuracy: 98.83_ Learning rate: 0.00010
Epoch: [186][48/196]_, Loss: 0.0128_ Accuracy: 100.00_ Learning rate: 0.00010
Epoch: [186][97/196]_, Loss: 0.0151_ Accuracy: 99.61_ Learning rate: 0.00010
Epoch: [186][146/196]_, Loss: 0.0186_ Accuracy: 99.61_ Learning rate: 0.00010
Epoch: [186][195/196]_, Loss: 0.0208_ Accuracy: 98.75_ Learning rate: 0.00010
Test accuracy: 91.37_
Epoch: [187][0/196]_, Loss: 0.0280_ Accuracy: 99.61_ Learning rate: 0.00010
Epoch: [187][48/196]_, Loss: 0.0085_ Accuracy: 100.00_ Learning rate: 0.00010
Epoch: [187][97/196]_, Loss: 0.0178_ Accuracy: 99.61_ Learning rate: 0.00010
Epoch: [187][146/196]_, Loss: 0.0276_ Accuracy: 99.22_ Learning rate: 0.00010
Epoch: [187][195/196]_, Loss: 0.0358_ Accuracy: 98.75_ Learning rate: 0.00010
Test accuracy: 91.27_
Epoch: [188][0/196]_, Loss: 0.0146_ Accuracy: 99.22_ Learning rate: 0.00010
Epoch: [188][48/196]_, Loss: 0.0191_ Accuracy: 98.83_ Learning rate: 0.00010
Epoch: [188][97/196]_, Loss: 0.0234_ Accuracy: 99.22_ Learning rate: 0.00010
Epoch: [188][146/196]_, Loss: 0.0268_ Accuracy: 98.83_ Learning rate: 0.00010
Epoch: [188][195/196]_, Loss: 0.0209_ Accuracy: 100.00_ Learning rate: 0.00010
Test accuracy: 91.29_
Epoch: [189][0/196]_, Loss: 0.0162_ Accuracy: 99.61_ Learning rate: 0.00010
Epoch: [189][48/196]_, Loss: 0.0240_ Accuracy: 99.22_ Learning rate: 0.00010
Epoch: [189][97/196]_, Loss: 0.0122_ Accuracy: 99.61_ Learning rate: 0.00010
Epoch: [189][146/196]_, Loss: 0.0186_ Accuracy: 99.22_ Learning rate: 0.00010
Epoch: [189][195/196]_, Loss: 0.0256_ Accuracy: 100.00_ Learning rate: 0.00010
Test accuracy: 91.29_
Epoch: [190][0/196]_, Loss: 0.0093_ Accuracy: 100.00_ Learning rate: 0.00010
Epoch: [190][48/196]_, Loss: 0.0208_ Accuracy: 99.22_ Learning rate: 0.00010
Epoch: [190][97/196]_, Loss: 0.0132_ Accuracy: 99.61_ Learning rate: 0.00010
Epoch: [190][146/196]_, Loss: 0.0137_ Accuracy: 99.61_ Learning rate: 0.00010
Epoch: [190][195/196]_, Loss: 0.0426_ Accuracy: 98.75_ Learning rate: 0.00010
Test accuracy: 91.25_
Epoch: [191][0/196]_, Loss: 0.0119_ Accuracy: 99.61_ Learning rate: 0.00010
Epoch: [191][48/196]_, Loss: 0.0304_ Accuracy: 99.22_ Learning rate: 0.00010
Epoch: [191][97/196]_, Loss: 0.0205_ Accuracy: 99.61_ Learning rate: 0.00010
Epoch: [191][146/196]_, Loss: 0.0097_ Accuracy: 100.00_ Learning rate: 0.00010
Epoch: [191][195/196]_, Loss: 0.0566_ Accuracy: 98.75_ Learning rate: 0.00010
Test accuracy: 91.41_
Epoch: [192][0/196]_, Loss: 0.0246_ Accuracy: 98.83_ Learning rate: 0.00010
Epoch: [192][48/196]_, Loss: 0.0124_ Accuracy: 100.00_ Learning rate: 0.00010
Epoch: [192][97/196]_, Loss: 0.0130_ Accuracy: 99.61_ Learning rate: 0.00010
Epoch: [192][146/196]_, Loss: 0.0270_ Accuracy: 99.22_ Learning rate: 0.00010
Epoch: [192][195/196]_, Loss: 0.0280_ Accuracy: 98.75_ Learning rate: 0.00010
Test accuracy: 91.26_
Epoch: [193][0/196]_, Loss: 0.0206_ Accuracy: 99.61_ Learning rate: 0.00010
Epoch: [193][48/196]_, Loss: 0.0253_ Accuracy: 99.61_ Learning rate: 0.00010
Epoch: [193][97/196]_, Loss: 0.0225_ Accuracy: 98.83_ Learning rate: 0.00010
Epoch: [193][146/196]_, Loss: 0.0163_ Accuracy: 99.61_ Learning rate: 0.00010
Epoch: [193][195/196]_, Loss: 0.0321_ Accuracy: 98.75_ Learning rate: 0.00010
Test accuracy: 91.34_
Epoch: [194][0/196]_, Loss: 0.0389_ Accuracy: 98.83_ Learning rate: 0.00010
Epoch: [194][48/196]_, Loss: 0.0228_ Accuracy: 99.22_ Learning rate: 0.00010
Epoch: [194][97/196]_, Loss: 0.0113_ Accuracy: 99.61_ Learning rate: 0.00010
Epoch: [194][146/196]_, Loss: 0.0059_ Accuracy: 100.00_ Learning rate: 0.00010
Epoch: [194][195/196]_, Loss: 0.0706_ Accuracy: 97.50_ Learning rate: 0.00010
Test accuracy: 91.36_
Epoch: [195][0/196]_, Loss: 0.0421_ Accuracy: 98.44_ Learning rate: 0.00010
Epoch: [195][48/196]_, Loss: 0.0244_ Accuracy: 99.22_ Learning rate: 0.00010
Epoch: [195][97/196]_, Loss: 0.0214_ Accuracy: 99.61_ Learning rate: 0.00010
Epoch: [195][146/196]_, Loss: 0.0159_ Accuracy: 99.22_ Learning rate: 0.00010
Epoch: [195][195/196]_, Loss: 0.0285_ Accuracy: 100.00_ Learning rate: 0.00010
Test accuracy: 91.29_
Epoch: [196][0/196]_, Loss: 0.0162_ Accuracy: 99.61_ Learning rate: 0.00010
Epoch: [196][48/196]_, Loss: 0.0211_ Accuracy: 99.22_ Learning rate: 0.00010
Epoch: [196][97/196]_, Loss: 0.0147_ Accuracy: 99.61_ Learning rate: 0.00010
Epoch: [196][146/196]_, Loss: 0.0194_ Accuracy: 99.61_ Learning rate: 0.00010
Epoch: [196][195/196]_, Loss: 0.0106_ Accuracy: 100.00_ Learning rate: 0.00010
Test accuracy: 91.23_
Epoch: [197][0/196]_, Loss: 0.0101_ Accuracy: 100.00_ Learning rate: 0.00010
Epoch: [197][48/196]_, Loss: 0.0192_ Accuracy: 99.22_ Learning rate: 0.00010
Epoch: [197][97/196]_, Loss: 0.0240_ Accuracy: 99.22_ Learning rate: 0.00010
Epoch: [197][146/196]_, Loss: 0.0072_ Accuracy: 100.00_ Learning rate: 0.00010
Epoch: [197][195/196]_, Loss: 0.0173_ Accuracy: 100.00_ Learning rate: 0.00010
Test accuracy: 91.34_
Epoch: [198][0/196]_, Loss: 0.0104_ Accuracy: 100.00_ Learning rate: 0.00010
Epoch: [198][48/196]_, Loss: 0.0162_ Accuracy: 99.61_ Learning rate: 0.00010
Epoch: [198][97/196]_, Loss: 0.0249_ Accuracy: 99.22_ Learning rate: 0.00010
Epoch: [198][146/196]_, Loss: 0.0153_ Accuracy: 99.61_ Learning rate: 0.00010
Epoch: [198][195/196]_, Loss: 0.0597_ Accuracy: 97.50_ Learning rate: 0.00010
Test accuracy: 91.22_
Epoch: [199][0/196]_, Loss: 0.0432_ Accuracy: 98.44_ Learning rate: 0.00010
Epoch: [199][48/196]_, Loss: 0.0265_ Accuracy: 98.83_ Learning rate: 0.00010
Epoch: [199][97/196]_, Loss: 0.0170_ Accuracy: 99.61_ Learning rate: 0.00010
Epoch: [199][146/196]_, Loss: 0.0223_ Accuracy: 100.00_ Learning rate: 0.00010
Epoch: [199][195/196]_, Loss: 0.0549_ Accuracy: 98.75_ Learning rate: 0.00010
Test accuracy: 91.19_
