=> Start building model
=> Python: 3.7.2 (default, Jan 17 2019, 22:10:14) 
[GCC 6.3.0 20170516]
=> Pytorch: 1.0.1.post2
=> Numpy: 1.16.2
=> CPUs: 48
=> GPUs: 1
=> CUDA: 10.0.130
=> CUDNN: 7402
=> Arguments: Namespace(a_1=0.0, a_2=1.0, batch_size=2048, cifar_type='cifar10', epochs=30, learning_rate=0.1, line_search='weak_wolfe', max_samples_per_gpu=512, momentum=0.9, net='resnet20', num_classes=10, optimizer='sgd_ls', print_freq=50, progress_batches=5, save_model=True, store_progress=False, tol_grad=1e-05, weight_decay=0.0001)
=> Dataset:  cifar10
=> Model: resnet20
=> Optimizer: sgd_ww
Files already downloaded and verified
Optimizer parameters:  {'lr': 0.1, 'momentum': 0.9, 'dampening': 0, 'weight_decay': 0.0001, 'nesterov': False, 'line_search': 'weak_wolfe', 'tolerance_grad': 1e-05, 'tolerance_change': 1e-09, 'a_1': 0.0, 'a_2': 1.0}
Epoch: [0][0/25]_, Loss: 2.3587_ Accuracy: 16.02_ Learning rate: 0.50000
Epoch: [0][5/25]_, Loss: 2.1548_ Accuracy: 19.43_ Learning rate: 0.50000
Epoch: [0][11/25]_, Loss: 1.8863_ Accuracy: 28.22_ Learning rate: 0.14098
Epoch: [0][17/25]_, Loss: 1.8132_ Accuracy: 29.74_ Learning rate: 0.23446
Epoch: [0][23/25]_, Loss: 1.7537_ Accuracy: 34.42_ Learning rate: 0.15435
Test accuracy: 34.18_
Epoch: [1][0/25]_, Loss: 1.7772_ Accuracy: 32.71_ Learning rate: 0.11942
Epoch: [1][5/25]_, Loss: 1.6976_ Accuracy: 37.06_ Learning rate: 0.09996
Epoch: [1][11/25]_, Loss: 1.6691_ Accuracy: 36.82_ Learning rate: 0.09838
Epoch: [1][17/25]_, Loss: 1.6786_ Accuracy: 36.96_ Learning rate: 0.10411
Epoch: [1][23/25]_, Loss: 1.6319_ Accuracy: 39.11_ Learning rate: 0.06047
Test accuracy: 39.33_
Epoch: [2][0/25]_, Loss: 1.6099_ Accuracy: 40.58_ Learning rate: 0.10021
Epoch: [2][5/25]_, Loss: 1.5885_ Accuracy: 42.48_ Learning rate: 0.13364
Epoch: [2][11/25]_, Loss: 1.5249_ Accuracy: 44.82_ Learning rate: 0.10347
Epoch: [2][17/25]_, Loss: 1.5354_ Accuracy: 43.51_ Learning rate: 0.12385
Epoch: [2][23/25]_, Loss: 1.4760_ Accuracy: 44.63_ Learning rate: 0.10401
Test accuracy: 42.09_
Epoch: [3][0/25]_, Loss: 1.5152_ Accuracy: 45.07_ Learning rate: 0.13736
Epoch: [3][5/25]_, Loss: 1.4905_ Accuracy: 45.90_ Learning rate: 0.08017
Epoch: [3][11/25]_, Loss: 1.4304_ Accuracy: 46.24_ Learning rate: 0.10116
Epoch: [3][17/25]_, Loss: 1.3888_ Accuracy: 48.29_ Learning rate: 0.01199
Epoch: [3][23/25]_, Loss: 1.4028_ Accuracy: 49.12_ Learning rate: 0.11443
Test accuracy: 44.9_
Epoch: [4][0/25]_, Loss: 1.4839_ Accuracy: 46.73_ Learning rate: 0.17815
Epoch: [4][5/25]_, Loss: 1.3780_ Accuracy: 49.46_ Learning rate: 0.13306
Epoch: [4][11/25]_, Loss: 1.3361_ Accuracy: 52.15_ Learning rate: 0.09204
Epoch: [4][17/25]_, Loss: 1.3399_ Accuracy: 52.20_ Learning rate: 0.09450
Epoch: [4][23/25]_, Loss: 1.2853_ Accuracy: 53.81_ Learning rate: 0.13879
Test accuracy: 50.87_
Epoch: [5][0/25]_, Loss: 1.2627_ Accuracy: 54.59_ Learning rate: 0.12819
Epoch: [5][5/25]_, Loss: 1.2558_ Accuracy: 55.47_ Learning rate: 0.10715
Epoch: [5][11/25]_, Loss: 1.1659_ Accuracy: 57.37_ Learning rate: 0.09282
Epoch: [5][17/25]_, Loss: 1.1978_ Accuracy: 56.64_ Learning rate: 0.09999
Epoch: [5][23/25]_, Loss: 1.1656_ Accuracy: 58.69_ Learning rate: 0.11418
Test accuracy: 51.52_
Epoch: [6][0/25]_, Loss: 1.1418_ Accuracy: 59.91_ Learning rate: 0.11032
Epoch: [6][5/25]_, Loss: 1.1621_ Accuracy: 57.57_ Learning rate: 0.09132
Epoch: [6][11/25]_, Loss: 1.1456_ Accuracy: 59.57_ Learning rate: 0.06204
Epoch: [6][17/25]_, Loss: 1.0799_ Accuracy: 63.48_ Learning rate: 0.08726
Epoch: [6][23/25]_, Loss: 1.1067_ Accuracy: 60.21_ Learning rate: 0.07592
Test accuracy: 55.4_
Epoch: [7][0/25]_, Loss: 1.1207_ Accuracy: 61.43_ Learning rate: 0.10384
Epoch: [7][5/25]_, Loss: 1.0691_ Accuracy: 63.96_ Learning rate: 0.11908
Epoch: [7][11/25]_, Loss: 1.0001_ Accuracy: 63.67_ Learning rate: 0.07263
Epoch: [7][17/25]_, Loss: 1.0389_ Accuracy: 63.62_ Learning rate: 0.08721
Epoch: [7][23/25]_, Loss: 0.9860_ Accuracy: 65.28_ Learning rate: 0.11770
Test accuracy: 63.12_
Epoch: [8][0/25]_, Loss: 1.0076_ Accuracy: 64.75_ Learning rate: 0.08902
Epoch: [8][5/25]_, Loss: 0.9647_ Accuracy: 66.70_ Learning rate: 0.06506
Epoch: [8][11/25]_, Loss: 0.9057_ Accuracy: 68.02_ Learning rate: 0.14086
Epoch: [8][17/25]_, Loss: 0.9505_ Accuracy: 68.31_ Learning rate: 0.13322
Epoch: [8][23/25]_, Loss: 0.9367_ Accuracy: 68.80_ Learning rate: 0.09685
Test accuracy: 61.68_
Epoch: [9][0/25]_, Loss: 0.9471_ Accuracy: 67.29_ Learning rate: 0.16101
Epoch: [9][5/25]_, Loss: 0.9134_ Accuracy: 68.21_ Learning rate: 0.09869
Epoch: [9][11/25]_, Loss: 0.8980_ Accuracy: 69.97_ Learning rate: 0.14087
Epoch: [9][17/25]_, Loss: 0.8677_ Accuracy: 69.87_ Learning rate: 0.13078
Epoch: [9][23/25]_, Loss: 0.8210_ Accuracy: 71.63_ Learning rate: 0.12874
Test accuracy: 65.04_
Epoch: [10][0/25]_, Loss: 0.8415_ Accuracy: 71.34_ Learning rate: 0.12730
Epoch: [10][5/25]_, Loss: 0.8390_ Accuracy: 72.27_ Learning rate: 0.12468
Epoch: [10][11/25]_, Loss: 0.8144_ Accuracy: 72.46_ Learning rate: 0.12389
Epoch: [10][17/25]_, Loss: 0.8350_ Accuracy: 71.04_ Learning rate: 0.10720
Epoch: [10][23/25]_, Loss: 0.7742_ Accuracy: 73.83_ Learning rate: 0.11949
Test accuracy: 67.74_
Epoch: [11][0/25]_, Loss: 0.7818_ Accuracy: 73.68_ Learning rate: 0.11865
Epoch: [11][5/25]_, Loss: 0.7858_ Accuracy: 73.54_ Learning rate: 0.12769
Epoch: [11][11/25]_, Loss: 0.7733_ Accuracy: 74.95_ Learning rate: 0.18949
Epoch: [11][17/25]_, Loss: 0.7149_ Accuracy: 76.22_ Learning rate: 0.12565
Epoch: [11][23/25]_, Loss: 0.7484_ Accuracy: 74.56_ Learning rate: 0.12898
Test accuracy: 65.81_
Epoch: [12][0/25]_, Loss: 0.7767_ Accuracy: 74.41_ Learning rate: 0.11880
Epoch: [12][5/25]_, Loss: 0.7167_ Accuracy: 77.54_ Learning rate: 0.16356
Epoch: [12][11/25]_, Loss: 0.7102_ Accuracy: 76.61_ Learning rate: 0.17018
Epoch: [12][17/25]_, Loss: 0.6916_ Accuracy: 77.59_ Learning rate: 0.16989
Epoch: [12][23/25]_, Loss: 0.6733_ Accuracy: 77.10_ Learning rate: 0.15052
Test accuracy: 68.35_
Epoch: [13][0/25]_, Loss: 0.6784_ Accuracy: 77.54_ Learning rate: 0.17929
Epoch: [13][5/25]_, Loss: 0.7247_ Accuracy: 77.10_ Learning rate: 0.16389
Epoch: [13][11/25]_, Loss: 0.7191_ Accuracy: 77.88_ Learning rate: 0.22913
Epoch: [13][17/25]_, Loss: 0.6818_ Accuracy: 77.15_ Learning rate: 0.19014
Epoch: [13][23/25]_, Loss: 0.6812_ Accuracy: 78.22_ Learning rate: 0.22816
Test accuracy: 61.22_
Epoch: [14][0/25]_, Loss: 0.8432_ Accuracy: 77.20_ Learning rate: 0.22649
Epoch: [14][5/25]_, Loss: 0.7218_ Accuracy: 77.34_ Learning rate: 0.20792
Epoch: [14][11/25]_, Loss: 0.6810_ Accuracy: 77.69_ Learning rate: 0.23724
Epoch: [14][17/25]_, Loss: 0.6199_ Accuracy: 80.27_ Learning rate: 0.22129
Epoch: [14][23/25]_, Loss: 0.6998_ Accuracy: 78.22_ Learning rate: 0.19274
Test accuracy: 70.07_
Epoch: [15][0/25]_, Loss: 0.6494_ Accuracy: 78.37_ Learning rate: 0.18448
Epoch: [15][5/25]_, Loss: 0.6370_ Accuracy: 78.52_ Learning rate: 0.20874
Epoch: [15][11/25]_, Loss: 0.9198_ Accuracy: 70.36_ Learning rate: 0.50000
Epoch: [15][17/25]_, Loss: 0.8046_ Accuracy: 72.66_ Learning rate: 0.18359
Epoch: [15][23/25]_, Loss: 0.8415_ Accuracy: 74.17_ Learning rate: 0.50000
Test accuracy: 63.57_
Epoch: [16][0/25]_, Loss: 0.7936_ Accuracy: 74.66_ Learning rate: 0.50000
Epoch: [16][5/25]_, Loss: 0.6948_ Accuracy: 77.15_ Learning rate: 0.50000
Epoch: [16][11/25]_, Loss: 0.6719_ Accuracy: 78.76_ Learning rate: 0.50000
Epoch: [16][17/25]_, Loss: 0.6452_ Accuracy: 80.18_ Learning rate: 0.50000
Epoch: [16][23/25]_, Loss: 0.6360_ Accuracy: 80.76_ Learning rate: 0.50000
Test accuracy: 70.37_
Epoch: [17][0/25]_, Loss: 0.6043_ Accuracy: 81.20_ Learning rate: 0.50000
Epoch: [17][5/25]_, Loss: 0.5882_ Accuracy: 81.35_ Learning rate: 0.50000
Epoch: [17][11/25]_, Loss: 0.5799_ Accuracy: 81.79_ Learning rate: 0.50000
Epoch: [17][17/25]_, Loss: 0.5574_ Accuracy: 82.96_ Learning rate: 0.50000
Epoch: [17][23/25]_, Loss: 0.5541_ Accuracy: 82.81_ Learning rate: 0.50000
Test accuracy: 77.39_
Epoch: [18][0/25]_, Loss: 0.5606_ Accuracy: 81.93_ Learning rate: 0.50000
Epoch: [18][5/25]_, Loss: 0.5703_ Accuracy: 81.79_ Learning rate: 0.50000
Epoch: [18][11/25]_, Loss: 0.5293_ Accuracy: 82.67_ Learning rate: 0.50000
Epoch: [18][17/25]_, Loss: 0.5434_ Accuracy: 83.45_ Learning rate: 0.50000
Epoch: [18][23/25]_, Loss: 0.5432_ Accuracy: 82.76_ Learning rate: 0.50000
Test accuracy: 68.38_
Epoch: [19][0/25]_, Loss: 0.5367_ Accuracy: 84.38_ Learning rate: 0.50000
Epoch: [19][5/25]_, Loss: 0.5526_ Accuracy: 82.28_ Learning rate: 0.50000
Epoch: [19][11/25]_, Loss: 0.5236_ Accuracy: 82.96_ Learning rate: 0.50000
Epoch: [19][17/25]_, Loss: 0.5228_ Accuracy: 84.42_ Learning rate: 0.50000
Epoch: [19][23/25]_, Loss: 0.5197_ Accuracy: 83.11_ Learning rate: 0.50000
Test accuracy: 76.04_
Epoch: [20][0/25]_, Loss: 0.4757_ Accuracy: 85.50_ Learning rate: 0.50000
Epoch: [20][5/25]_, Loss: 0.4649_ Accuracy: 85.16_ Learning rate: 0.50000
Epoch: [20][11/25]_, Loss: 0.4748_ Accuracy: 85.35_ Learning rate: 0.50000
Epoch: [20][17/25]_, Loss: 0.4741_ Accuracy: 85.21_ Learning rate: 0.50000
Epoch: [20][23/25]_, Loss: 0.4728_ Accuracy: 85.64_ Learning rate: 0.50000
Test accuracy: 79.57_
Epoch: [21][0/25]_, Loss: 0.4874_ Accuracy: 84.96_ Learning rate: 0.50000
Epoch: [21][5/25]_, Loss: 0.4573_ Accuracy: 86.04_ Learning rate: 0.50000
Epoch: [21][11/25]_, Loss: 0.4324_ Accuracy: 86.91_ Learning rate: 0.50000
Epoch: [21][17/25]_, Loss: 0.4387_ Accuracy: 86.82_ Learning rate: 0.50000
Epoch: [21][23/25]_, Loss: 0.4426_ Accuracy: 87.16_ Learning rate: 0.50000
Test accuracy: 79.56_
Epoch: [22][0/25]_, Loss: 0.4707_ Accuracy: 86.08_ Learning rate: 0.50000
Epoch: [22][5/25]_, Loss: 0.4276_ Accuracy: 87.35_ Learning rate: 0.50000
Epoch: [22][11/25]_, Loss: 0.4073_ Accuracy: 87.65_ Learning rate: 0.50000
Epoch: [22][17/25]_, Loss: 0.4223_ Accuracy: 86.38_ Learning rate: 0.50000
Epoch: [22][23/25]_, Loss: 0.4133_ Accuracy: 87.16_ Learning rate: 0.50000
Test accuracy: 74.71_
Epoch: [23][0/25]_, Loss: 0.4340_ Accuracy: 86.72_ Learning rate: 0.50000
Epoch: [23][5/25]_, Loss: 0.4280_ Accuracy: 86.67_ Learning rate: 0.50000
Epoch: [23][11/25]_, Loss: 0.3858_ Accuracy: 87.06_ Learning rate: 0.50000
Epoch: [23][17/25]_, Loss: 0.4187_ Accuracy: 87.16_ Learning rate: 0.50000
Epoch: [23][23/25]_, Loss: 0.3861_ Accuracy: 87.84_ Learning rate: 0.50000
Test accuracy: 78.92_
Epoch: [24][0/25]_, Loss: 0.4137_ Accuracy: 86.13_ Learning rate: 0.50000
Epoch: [24][5/25]_, Loss: 0.4160_ Accuracy: 87.16_ Learning rate: 0.50000
Epoch: [24][11/25]_, Loss: 0.3772_ Accuracy: 88.77_ Learning rate: 0.50000
Epoch: [24][17/25]_, Loss: 0.3907_ Accuracy: 88.13_ Learning rate: 0.50000
Epoch: [24][23/25]_, Loss: 0.4002_ Accuracy: 87.30_ Learning rate: 0.50000
Test accuracy: 82.28_
Epoch: [25][0/25]_, Loss: 0.3618_ Accuracy: 89.01_ Learning rate: 0.50000
Epoch: [25][5/25]_, Loss: 0.3712_ Accuracy: 88.33_ Learning rate: 0.50000
Epoch: [25][11/25]_, Loss: 0.3492_ Accuracy: 88.77_ Learning rate: 0.50000
Epoch: [25][17/25]_, Loss: 0.4034_ Accuracy: 87.74_ Learning rate: 0.50000
Epoch: [25][23/25]_, Loss: 0.3920_ Accuracy: 89.70_ Learning rate: 0.50000
Test accuracy: 77.37_
Epoch: [26][0/25]_, Loss: 0.4146_ Accuracy: 87.84_ Learning rate: 0.50000
Epoch: [26][5/25]_, Loss: 0.3757_ Accuracy: 88.96_ Learning rate: 0.50000
Epoch: [26][11/25]_, Loss: 0.3523_ Accuracy: 89.06_ Learning rate: 0.50000
Epoch: [26][17/25]_, Loss: 0.3456_ Accuracy: 89.65_ Learning rate: 0.50000
Epoch: [26][23/25]_, Loss: 0.3816_ Accuracy: 87.94_ Learning rate: 0.50000
Test accuracy: 83.64_
Epoch: [27][0/25]_, Loss: 0.3500_ Accuracy: 90.23_ Learning rate: 0.50000
Epoch: [27][5/25]_, Loss: 0.3632_ Accuracy: 89.70_ Learning rate: 0.50000
Epoch: [27][11/25]_, Loss: 0.3594_ Accuracy: 88.92_ Learning rate: 0.50000
Epoch: [27][17/25]_, Loss: 0.3420_ Accuracy: 89.36_ Learning rate: 0.50000
Epoch: [27][23/25]_, Loss: 0.3290_ Accuracy: 90.23_ Learning rate: 0.50000
Test accuracy: 83.1_
Epoch: [28][0/25]_, Loss: 0.3409_ Accuracy: 90.04_ Learning rate: 0.50000
Epoch: [28][5/25]_, Loss: 0.3242_ Accuracy: 90.48_ Learning rate: 0.50000
Epoch: [28][11/25]_, Loss: 0.3312_ Accuracy: 90.04_ Learning rate: 0.50000
Epoch: [28][17/25]_, Loss: 0.3821_ Accuracy: 88.38_ Learning rate: 0.50000
Epoch: [28][23/25]_, Loss: 0.3315_ Accuracy: 89.26_ Learning rate: 0.50000
Test accuracy: 82.85_
Epoch: [29][0/25]_, Loss: 0.3342_ Accuracy: 89.75_ Learning rate: 0.50000
Epoch: [29][5/25]_, Loss: 0.3466_ Accuracy: 90.09_ Learning rate: 0.50000
Epoch: [29][11/25]_, Loss: 0.3409_ Accuracy: 89.84_ Learning rate: 0.50000
Epoch: [29][17/25]_, Loss: 0.3628_ Accuracy: 90.09_ Learning rate: 0.50000
Epoch: [29][23/25]_, Loss: 0.3270_ Accuracy: 90.09_ Learning rate: 0.50000
Test accuracy: 85.19_
